2024-08-14 10:27:35 INFO  org.testng.internal.Utils - [TestNG] Running:
  C:\Users\nkaparov\IdeaProjects\ESEP\startAllTests.xml

2024-08-14 10:27:37 INFO  i.g.bonigarcia.wdm.WebDriverManager - Using chromedriver 127.0.6533.119 (resolved driver for Chrome 127)
2024-08-14 10:27:37 INFO  i.g.bonigarcia.wdm.online.Downloader - Downloading https://storage.googleapis.com/chrome-for-testing-public/127.0.6533.119/win64/chromedriver-win64.zip
2024-08-14 10:27:39 INFO  i.g.bonigarcia.wdm.online.Downloader - Extracting driver from compressed file chromedriver-win64.zip
2024-08-14 10:27:39 INFO  i.g.bonigarcia.wdm.WebDriverManager - Exporting webdriver.chrome.driver as C:\Users\nkaparov\.cache\selenium\chromedriver\win64\127.0.6533.119\chromedriver.exe
2024-08-14 10:27:43 INFO  UI.BaseTest - Пользователь на главной странице Админ Панель
2024-08-14 10:27:43 INFO  U.r.RegistrationNp2Test - Пользователь находится на первой шаге Регистрации НП
2024-08-14 10:27:44 INFO  U.r.RegistrationNp2Test - Пользователь находится на втором шаге Регистрации НП
2024-08-14 10:27:45 INFO  U.r.RegistrationNp2Test - Номер заполнен!
2024-08-14 10:27:49 INFO  U.r.RegistrationNp2Test - Дата первого числа введена удачно
2024-08-14 10:27:50 INFO  U.r.RegistrationNp2Test - Указанно 14.08.2024 дата
2024-08-14 10:27:52 ERROR U.r.RegistrationNp2Test - Не удалось найти файл в папке!
2024-08-14 10:27:54 ERROR U.r.RegistrationNp2Test - Не удалось найти файл на РУ и КГ в папке!
2024-08-14 10:27:55 INFO  U.r.RegistrationNp2Test - СОЗДАНИЕ НП ПРОШЛО УСПЕШНО!!!
2024-08-14 10:27:56 INFO  U.r.RegistrationNp2Test - Пользователь находится на странице Инфорамация НП
2024-08-14 10:27:56 INFO  U.r.RegistrationNp2Test - Пользователь находится на странице Регистрации ККМ
2024-08-14 10:28:02 INFO  U.r.RegistrationNp2Test - Поля в регистрации ККМ заполнены
2024-08-14 10:28:08 INFO  U.r.RegistrationNp2Test - Регистрация ККМ прошла успешно
2024-08-14 13:42:23 INFO  org.testng.internal.Utils - [TestNG] Running:
  C:\Users\nkaparov\IdeaProjects\ESEP\startAllTests.xml

2024-08-14 13:42:24 INFO  i.g.bonigarcia.wdm.WebDriverManager - Using chromedriver 127.0.6533.119 (resolved driver for Chrome 127)
2024-08-14 13:42:24 INFO  i.g.bonigarcia.wdm.WebDriverManager - Exporting webdriver.chrome.driver as C:\Users\nkaparov\.cache\selenium\chromedriver\win64\127.0.6533.119\chromedriver.exe
2024-08-14 13:42:27 INFO  UI.BaseTest - Пользователь на главной странице Админ Панель
2024-08-14 13:42:28 INFO  U.r.RegistrationNp2Test - Пользователь находится на первой шаге Регистрации НП
2024-08-14 13:42:29 INFO  U.r.RegistrationNp2Test - Пользователь находится на втором шаге Регистрации НП
2024-08-14 13:42:30 INFO  U.r.RegistrationNp2Test - Номер заполнен!
2024-08-14 13:42:34 INFO  U.r.RegistrationNp2Test - Дата первого числа введена удачно
2024-08-14 13:42:35 INFO  U.r.RegistrationNp2Test - Указанно 14.08.2024 дата
2024-08-14 13:42:37 ERROR U.r.RegistrationNp2Test - Не удалось найти файл в папке!
2024-08-14 13:42:39 ERROR U.r.RegistrationNp2Test - Не удалось найти файл на РУ и КГ в папке!
2024-08-14 13:42:40 INFO  U.r.RegistrationNp2Test - Пользователь находится на странице Регистрации ККМ
2024-08-14 13:42:46 INFO  U.r.RegistrationNp2Test - Поля в регистрации ККМ заполнены
2024-08-14 13:42:52 INFO  U.r.RegistrationNp2Test - Регистрация ККМ прошла успешно
2024-08-14 14:23:29 INFO  org.testng.internal.Utils - [TestNG] Running:
  C:\Users\nkaparov\IdeaProjects\ESEP\startAllTests.xml

2024-08-14 14:23:29 INFO  i.g.bonigarcia.wdm.WebDriverManager - Using chromedriver 127.0.6533.119 (resolved driver for Chrome 127)
2024-08-14 14:23:29 INFO  i.g.bonigarcia.wdm.WebDriverManager - Exporting webdriver.chrome.driver as C:\Users\nkaparov\.cache\selenium\chromedriver\win64\127.0.6533.119\chromedriver.exe
2024-08-14 14:23:32 INFO  UI.BaseTest - Пользователь на главной странице Админ Панель
2024-08-14 15:56:51 INFO  org.testng.internal.Utils - [TestNG] Running:
  C:\Users\nkaparov\IdeaProjects\ESEP\startAllTests.xml

2024-08-14 15:56:52 INFO  i.g.bonigarcia.wdm.WebDriverManager - Using chromedriver 127.0.6533.119 (resolved driver for Chrome 127)
2024-08-14 15:56:52 INFO  i.g.bonigarcia.wdm.WebDriverManager - Exporting webdriver.chrome.driver as C:\Users\nkaparov\.cache\selenium\chromedriver\win64\127.0.6533.119\chromedriver.exe
2024-08-14 15:56:55 INFO  UI.BaseTest - Пользователь на главной странице Админ Панель
2024-08-14 15:56:55 INFO  U.r.RegistrationNpTest - Пользователь находится на первой шаге Регистрации НП
2024-08-14 15:56:57 INFO  U.r.RegistrationNpTest - Пользователь находится на втором шаге Регистрации НП
2024-08-14 15:56:57 ERROR U.r.RegistrationNp2Test - Заполнение полей и даты во втором шаге выдала ошибку:java.lang.NullPointerException: Cannot read field "registrationNp2Pages" because "this.allPages" is null
2024-08-14 15:56:57 ERROR U.r.RegistrationNp2Test - Пользотель не на главной странице Админ Панель
2024-08-14 16:10:40 INFO  org.testng.internal.Utils - [TestNG] Running:
  C:\Users\nkaparov\IdeaProjects\ESEP\startAllTests.xml

2024-08-14 16:10:40 INFO  i.g.bonigarcia.wdm.WebDriverManager - Using chromedriver 127.0.6533.119 (resolved driver for Chrome 127)
2024-08-14 16:10:40 INFO  i.g.bonigarcia.wdm.WebDriverManager - Exporting webdriver.chrome.driver as C:\Users\nkaparov\.cache\selenium\chromedriver\win64\127.0.6533.119\chromedriver.exe
2024-08-14 16:10:43 INFO  UI.BaseTest - Пользователь на главной странице Админ Панель
2024-08-14 16:10:44 INFO  U.r.RegistrationNpTest - Пользователь находится на первой шаге Регистрации НП
2024-08-14 16:10:45 INFO  U.r.RegistrationNpTest - Пользователь находится на втором шаге Регистрации НП
2024-08-14 16:10:45 ERROR U.r.RegistrationNp2Test - Заполнение полей и даты во втором шаге выдала ошибку:java.lang.NullPointerException: Cannot read field "registrationNp2Pages" because "this.allPages" is null
2024-08-14 16:10:45 ERROR U.r.RegistrationNp2Test - Пользотель не на главной странице Админ Панель
2024-08-14 16:31:48 INFO  org.testng.internal.Utils - [TestNG] Running:
  C:\Users\nkaparov\IdeaProjects\ESEP\startAllTests.xml

2024-08-14 16:31:49 INFO  i.g.bonigarcia.wdm.WebDriverManager - Using chromedriver 127.0.6533.119 (resolved driver for Chrome 127)
2024-08-14 16:31:49 INFO  i.g.bonigarcia.wdm.WebDriverManager - Exporting webdriver.chrome.driver as C:\Users\nkaparov\.cache\selenium\chromedriver\win64\127.0.6533.119\chromedriver.exe
2024-08-14 16:31:52 INFO  UI.BaseTest - Пользователь на главной странице Админ Панель
2024-08-14 16:31:52 INFO  U.r.RegistrationNpTest - Пользователь находится на первой шаге Регистрации НП
2024-08-14 16:31:53 INFO  U.r.RegistrationNpTest - Пользователь находится на втором шаге Регистрации НП
2024-08-14 16:31:54 INFO  U.r.RegistrationNp2Test - Номер заполнен!
2024-08-14 16:31:54 ERROR U.r.RegistrationNp2Test - Заполнение полей и даты во втором шаге выдала ошибку:java.lang.IllegalArgumentException: Driver must be set
2024-08-14 16:31:56 ERROR U.r.RegistrationNp2Test - Не удалось найти файл в папке!
2024-08-14 16:31:58 ERROR U.r.RegistrationNp2Test - Не удалось найти файл на РУ и КГ в папке!
2024-08-14 16:31:58 ERROR U.r.RegistrationNp2Test - Пользотель не на главной странице Админ Панель
2024-08-14 16:36:53 INFO  org.testng.internal.Utils - [TestNG] Running:
  C:\Users\nkaparov\IdeaProjects\ESEP\startAllTests.xml

2024-08-14 16:36:54 INFO  i.g.bonigarcia.wdm.WebDriverManager - Using chromedriver 127.0.6533.119 (resolved driver for Chrome 127)
2024-08-14 16:36:54 INFO  i.g.bonigarcia.wdm.WebDriverManager - Exporting webdriver.chrome.driver as C:\Users\nkaparov\.cache\selenium\chromedriver\win64\127.0.6533.119\chromedriver.exe
2024-08-14 16:36:55 ERROR io.qameta.allure.AllureLifecycle - Could not update test container: container with uuid 4821adc1-8475-44e5-acac-044828fc80ed not found
2024-08-14 16:37:34 INFO  org.testng.internal.Utils - [TestNG] Running:
  C:\Users\nkaparov\IdeaProjects\ESEP\startAllTests.xml

2024-08-14 16:37:34 INFO  i.g.bonigarcia.wdm.WebDriverManager - Using chromedriver 127.0.6533.119 (resolved driver for Chrome 127)
2024-08-14 16:37:34 INFO  i.g.bonigarcia.wdm.WebDriverManager - Exporting webdriver.chrome.driver as C:\Users\nkaparov\.cache\selenium\chromedriver\win64\127.0.6533.119\chromedriver.exe
2024-08-14 16:37:36 ERROR io.qameta.allure.AllureLifecycle - Could not update test container: container with uuid eb365d6c-6118-49ee-8937-f28171e5ec98 not found
2024-08-14 16:38:05 INFO  org.testng.internal.Utils - [TestNG] Running:
  C:\Users\nkaparov\IdeaProjects\ESEP\startAllTests.xml

2024-08-14 16:38:06 INFO  i.g.bonigarcia.wdm.WebDriverManager - Using chromedriver 127.0.6533.119 (resolved driver for Chrome 127)
2024-08-14 16:38:06 INFO  i.g.bonigarcia.wdm.WebDriverManager - Exporting webdriver.chrome.driver as C:\Users\nkaparov\.cache\selenium\chromedriver\win64\127.0.6533.119\chromedriver.exe
2024-08-14 16:38:08 ERROR io.qameta.allure.AllureLifecycle - Could not update test container: container with uuid 4a3ecc41-1e2e-4092-862e-b4385d78a27c not found
2024-08-14 16:38:20 INFO  org.testng.internal.Utils - [TestNG] Running:
  C:\Users\nkaparov\IdeaProjects\ESEP\startAllTests.xml

2024-08-14 16:38:21 INFO  i.g.bonigarcia.wdm.WebDriverManager - Using chromedriver 127.0.6533.119 (resolved driver for Chrome 127)
2024-08-14 16:38:21 INFO  i.g.bonigarcia.wdm.WebDriverManager - Exporting webdriver.chrome.driver as C:\Users\nkaparov\.cache\selenium\chromedriver\win64\127.0.6533.119\chromedriver.exe
2024-08-14 16:38:22 ERROR io.qameta.allure.AllureLifecycle - Could not update test container: container with uuid 954d3f85-b8f8-4d23-9f80-6e31a29565ef not found
2024-08-14 16:39:06 INFO  org.testng.internal.Utils - [TestNG] Running:
  C:\Users\nkaparov\IdeaProjects\ESEP\startAllTests.xml

2024-08-14 16:39:06 INFO  i.g.bonigarcia.wdm.WebDriverManager - Using chromedriver 127.0.6533.119 (resolved driver for Chrome 127)
2024-08-14 16:39:06 INFO  i.g.bonigarcia.wdm.WebDriverManager - Exporting webdriver.chrome.driver as C:\Users\nkaparov\.cache\selenium\chromedriver\win64\127.0.6533.119\chromedriver.exe
2024-08-14 16:39:08 ERROR io.qameta.allure.AllureLifecycle - Could not update test container: container with uuid 83129726-f95b-4d5e-8e81-00139601a235 not found
2024-08-14 16:39:33 INFO  org.testng.internal.Utils - [TestNG] Running:
  C:\Users\nkaparov\IdeaProjects\ESEP\startAllTests.xml

2024-08-14 16:39:34 INFO  i.g.bonigarcia.wdm.WebDriverManager - Using chromedriver 127.0.6533.119 (resolved driver for Chrome 127)
2024-08-14 16:39:34 INFO  i.g.bonigarcia.wdm.WebDriverManager - Exporting webdriver.chrome.driver as C:\Users\nkaparov\.cache\selenium\chromedriver\win64\127.0.6533.119\chromedriver.exe
2024-08-14 16:39:35 ERROR io.qameta.allure.AllureLifecycle - Could not update test container: container with uuid 1a406c14-f36f-42b3-bcf2-ae1f22c4091f not found
2024-08-14 16:56:05 INFO  org.testng.internal.Utils - [TestNG] Running:
  C:\Users\nkaparov\IdeaProjects\ESEP\startAllTests.xml

2024-08-14 16:56:05 INFO  i.g.bonigarcia.wdm.WebDriverManager - Using chromedriver 127.0.6533.119 (resolved driver for Chrome 127)
2024-08-14 16:56:05 INFO  i.g.bonigarcia.wdm.WebDriverManager - Exporting webdriver.chrome.driver as C:\Users\nkaparov\.cache\selenium\chromedriver\win64\127.0.6533.119\chromedriver.exe
2024-08-14 16:56:08 INFO  UI.BaseTest - Пользователь на главной странице Админ Панель
2024-08-14 16:56:08 INFO  U.r.RegistrationNpTest - Пользователь находится на первой шаге Регистрации НП
2024-08-14 16:56:10 INFO  UI.BaseTest - Пользователь на главной странице Админ Панель
2024-08-14 17:04:41 INFO  org.testng.internal.Utils - [TestNG] Running:
  C:\Users\nkaparov\IdeaProjects\ESEP\startAllTests.xml

2024-08-14 17:04:42 INFO  i.g.bonigarcia.wdm.WebDriverManager - Using chromedriver 127.0.6533.119 (resolved driver for Chrome 127)
2024-08-14 17:04:42 INFO  i.g.bonigarcia.wdm.WebDriverManager - Exporting webdriver.chrome.driver as C:\Users\nkaparov\.cache\selenium\chromedriver\win64\127.0.6533.119\chromedriver.exe
2024-08-14 17:04:45 INFO  UI.BaseTest - Пользователь на главной странице Админ Панель
2024-08-14 17:04:45 INFO  U.r.RegistrationNpTest - Пользователь находится на первой шаге Регистрации НП
2024-08-14 17:04:46 INFO  U.r.RegistrationNpTest - Пользователь находится на втором шаге Регистрации НП
2024-08-14 17:04:46 ERROR U.r.RegistrationNp2Test - Заполнение полей и даты во втором шаге выдала ошибку:java.lang.NullPointerException: Cannot read field "registrationNp2Pages" because "this.allPages" is null
2024-08-14 17:04:46 ERROR U.r.RegistrationNp2Test - Пользотель не на главной странице Админ Панель
2024-08-14 17:06:33 INFO  org.testng.internal.Utils - [TestNG] Running:
  C:\Users\nkaparov\IdeaProjects\ESEP\startAllTests.xml

2024-08-14 17:06:34 INFO  i.g.bonigarcia.wdm.WebDriverManager - Using chromedriver 127.0.6533.119 (resolved driver for Chrome 127)
2024-08-14 17:06:34 INFO  i.g.bonigarcia.wdm.WebDriverManager - Exporting webdriver.chrome.driver as C:\Users\nkaparov\.cache\selenium\chromedriver\win64\127.0.6533.119\chromedriver.exe
2024-08-14 17:06:37 INFO  UI.BaseTest - Пользователь на главной странице Админ Панель
2024-08-14 17:06:37 INFO  U.r.RegistrationNpTest - Пользователь находится на первой шаге Регистрации НП
2024-08-14 17:06:38 INFO  U.r.RegistrationNpTest - Пользователь находится на втором шаге Регистрации НП
2024-08-14 17:07:57 INFO  org.testng.internal.Utils - [TestNG] Running:
  C:\Users\nkaparov\IdeaProjects\ESEP\startAllTests.xml

2024-08-14 17:07:58 INFO  i.g.bonigarcia.wdm.WebDriverManager - Using chromedriver 127.0.6533.119 (resolved driver for Chrome 127)
2024-08-14 17:07:58 INFO  i.g.bonigarcia.wdm.WebDriverManager - Exporting webdriver.chrome.driver as C:\Users\nkaparov\.cache\selenium\chromedriver\win64\127.0.6533.119\chromedriver.exe
2024-08-14 17:08:01 INFO  UI.BaseTest - Пользователь на главной странице Админ Панель
2024-08-14 17:08:01 INFO  U.r.RegistrationNpTest - Пользователь находится на первой шаге Регистрации НП
2024-08-14 17:08:02 INFO  U.r.RegistrationNpTest - Пользователь находится на втором шаге Регистрации НП
2024-08-14 17:10:10 INFO  org.testng.internal.Utils - [TestNG] Running:
  C:\Users\nkaparov\IdeaProjects\ESEP\startAllTests.xml

2024-08-14 17:10:10 INFO  i.g.bonigarcia.wdm.WebDriverManager - Using chromedriver 127.0.6533.119 (resolved driver for Chrome 127)
2024-08-14 17:10:11 INFO  i.g.bonigarcia.wdm.WebDriverManager - Exporting webdriver.chrome.driver as C:\Users\nkaparov\.cache\selenium\chromedriver\win64\127.0.6533.119\chromedriver.exe
2024-08-14 17:10:14 INFO  UI.BaseTest - Пользователь на главной странице Админ Панель
2024-08-14 17:11:08 INFO  org.testng.internal.Utils - [TestNG] Running:
  C:\Users\nkaparov\IdeaProjects\ESEP\startAllTests.xml

2024-08-14 17:11:08 INFO  i.g.bonigarcia.wdm.WebDriverManager - Using chromedriver 127.0.6533.119 (resolved driver for Chrome 127)
2024-08-14 17:11:08 INFO  i.g.bonigarcia.wdm.WebDriverManager - Exporting webdriver.chrome.driver as C:\Users\nkaparov\.cache\selenium\chromedriver\win64\127.0.6533.119\chromedriver.exe
2024-08-14 17:11:11 INFO  UI.BaseTest - Пользователь на главной странице Админ Панель
2024-08-14 17:11:50 INFO  org.testng.internal.Utils - [TestNG] Running:
  C:\Users\nkaparov\IdeaProjects\ESEP\startAllTests.xml

2024-08-14 17:11:51 INFO  i.g.bonigarcia.wdm.WebDriverManager - Using chromedriver 127.0.6533.119 (resolved driver for Chrome 127)
2024-08-14 17:11:51 INFO  i.g.bonigarcia.wdm.WebDriverManager - Exporting webdriver.chrome.driver as C:\Users\nkaparov\.cache\selenium\chromedriver\win64\127.0.6533.119\chromedriver.exe
2024-08-14 17:11:54 INFO  UI.BaseTest - Пользователь на главной странице Админ Панель
2024-08-14 17:11:54 INFO  U.r.RegistrationNpTest - Пользователь находится на первой шаге Регистрации НП
2024-08-14 17:11:55 INFO  U.r.RegistrationNpTest - Пользователь находится на втором шаге Регистрации НП
2024-08-14 17:12:58 INFO  org.testng.internal.Utils - [TestNG] Running:
  C:\Users\nkaparov\IdeaProjects\ESEP\startAllTests.xml

2024-08-14 17:12:59 INFO  i.g.bonigarcia.wdm.WebDriverManager - Using chromedriver 127.0.6533.119 (resolved driver for Chrome 127)
2024-08-14 17:12:59 INFO  i.g.bonigarcia.wdm.WebDriverManager - Exporting webdriver.chrome.driver as C:\Users\nkaparov\.cache\selenium\chromedriver\win64\127.0.6533.119\chromedriver.exe
2024-08-14 17:13:02 INFO  UI.BaseTest - Пользователь на главной странице Админ Панель
2024-08-14 17:13:02 INFO  U.r.RegistrationNpTest - Пользователь находится на первой шаге Регистрации НП
2024-08-14 17:13:03 INFO  U.r.RegistrationNpTest - Пользователь находится на втором шаге Регистрации НП
2024-08-14 17:13:03 ERROR U.r.RegistrationNp2Test - Пользотель не на главной странице Админ Панель
2024-08-14 17:17:19 INFO  org.testng.internal.Utils - [TestNG] Running:
  C:\Users\nkaparov\IdeaProjects\ESEP\startAllTests.xml

2024-08-14 17:17:20 INFO  i.g.bonigarcia.wdm.WebDriverManager - Using chromedriver 127.0.6533.119 (resolved driver for Chrome 127)
2024-08-14 17:17:20 INFO  i.g.bonigarcia.wdm.WebDriverManager - Exporting webdriver.chrome.driver as C:\Users\nkaparov\.cache\selenium\chromedriver\win64\127.0.6533.119\chromedriver.exe
2024-08-14 17:17:23 INFO  UI.BaseTest - Пользователь на главной странице Админ Панель
2024-08-14 17:17:23 INFO  U.r.RegistrationNpTest - Пользователь находится на первой шаге Регистрации НП
2024-08-14 17:17:24 INFO  U.r.RegistrationNpTest - Пользователь находится на втором шаге Регистрации НП
2024-08-14 17:17:24 ERROR U.r.RegistrationNp2Test - Заполнение полей и даты во втором шаге выдала ошибку:java.lang.NullPointerException: Cannot read field "registrationNp2Pages" because "this.allPages" is null
2024-08-14 17:17:24 ERROR U.r.RegistrationNp2Test - ОШИБКА java.lang.NullPointerException: Cannot read field "registrationNp2Pages" because "this.allPages" is null
2024-08-14 17:17:24 ERROR U.r.RegistrationNp2Test - Пользотель не на главной странице Админ Панель
2024-08-14 17:18:55 INFO  org.testng.internal.Utils - [TestNG] Running:
  C:\Users\nkaparov\IdeaProjects\ESEP\startAllTests.xml

2024-08-14 17:18:55 INFO  i.g.bonigarcia.wdm.WebDriverManager - Using chromedriver 127.0.6533.119 (resolved driver for Chrome 127)
2024-08-14 17:18:55 INFO  i.g.bonigarcia.wdm.WebDriverManager - Exporting webdriver.chrome.driver as C:\Users\nkaparov\.cache\selenium\chromedriver\win64\127.0.6533.119\chromedriver.exe
2024-08-14 17:18:58 INFO  UI.BaseTest - Пользователь на главной странице Админ Панель
2024-08-14 17:18:58 INFO  U.r.RegistrationNpTest - Пользователь находится на первой шаге Регистрации НП
2024-08-14 17:18:59 INFO  U.r.RegistrationNpTest - Пользователь находится на втором шаге Регистрации НП
2024-08-14 17:18:59 ERROR U.r.RegistrationNp2Test - Заполнение полей и даты во втором шаге выдала ошибку:java.lang.NullPointerException: Cannot read field "registrationNp2Pages" because "this.allPages" is null
2024-08-14 17:18:59 ERROR U.r.RegistrationNp2Test - ОШИБКА: java.lang.NullPointerException: Cannot read field "registrationNp2Pages" because "this.allPages" is null
2024-08-14 17:18:59 ERROR U.r.RegistrationNp2Test - ОШИБКА java.lang.NullPointerException: Cannot read field "registrationNp2Pages" because "this.allPages" is null
2024-08-14 17:18:59 ERROR U.r.RegistrationNp2Test - Пользотель не на главной странице Админ Панель
2024-08-14 17:20:42 INFO  org.testng.internal.Utils - [TestNG] Running:
  C:\Users\nkaparov\IdeaProjects\ESEP\startAllTests.xml

2024-08-14 17:20:43 INFO  i.g.bonigarcia.wdm.WebDriverManager - Using chromedriver 127.0.6533.119 (resolved driver for Chrome 127)
2024-08-14 17:20:43 INFO  i.g.bonigarcia.wdm.WebDriverManager - Exporting webdriver.chrome.driver as C:\Users\nkaparov\.cache\selenium\chromedriver\win64\127.0.6533.119\chromedriver.exe
2024-08-14 17:20:46 INFO  UI.BaseTest - Пользователь на главной странице Админ Панель
2024-08-14 17:20:46 INFO  U.r.RegistrationNpTest - Пользователь находится на первой шаге Регистрации НП
2024-08-14 17:20:48 INFO  U.r.RegistrationNpTest - Пользователь находится на втором шаге Регистрации НП
2024-08-14 17:21:56 INFO  org.testng.internal.Utils - [TestNG] Running:
  C:\Users\nkaparov\IdeaProjects\ESEP\startAllTests.xml

2024-08-14 17:21:57 INFO  i.g.bonigarcia.wdm.WebDriverManager - Using chromedriver 127.0.6533.119 (resolved driver for Chrome 127)
2024-08-14 17:21:57 INFO  i.g.bonigarcia.wdm.WebDriverManager - Exporting webdriver.chrome.driver as C:\Users\nkaparov\.cache\selenium\chromedriver\win64\127.0.6533.119\chromedriver.exe
2024-08-14 17:22:00 INFO  UI.BaseTest - Пользователь на главной странице Админ Панель
2024-08-14 17:22:00 INFO  U.r.RegistrationNpTest - Пользователь находится на первой шаге Регистрации НП
2024-08-14 17:22:01 INFO  U.r.RegistrationNpTest - Пользователь находится на втором шаге Регистрации НП
2024-08-14 17:22:02 INFO  U.r.RegistrationNp2Test - Номер заполнен!
2024-08-14 17:22:02 ERROR U.r.RegistrationNp2Test - Заполнение полей и даты во втором шаге выдала ошибку:java.lang.IllegalArgumentException: Driver must be set
2024-08-14 17:22:04 ERROR U.r.RegistrationNp2Test - Не удалось найти файл в папке!
2024-08-14 17:22:06 ERROR U.r.RegistrationNp2Test - Не удалось найти файл на РУ и КГ в папке!
2024-08-14 17:22:06 ERROR U.r.RegistrationNp2Test - Пользотель не на главной странице Админ Панель
2024-08-14 17:29:54 INFO  org.testng.internal.Utils - [TestNG] Running:
  C:\Users\nkaparov\IdeaProjects\ESEP\startAllTests.xml

2024-08-14 17:29:54 INFO  i.g.bonigarcia.wdm.WebDriverManager - Using chromedriver 127.0.6533.119 (resolved driver for Chrome 127)
2024-08-14 17:29:55 INFO  i.g.bonigarcia.wdm.WebDriverManager - Exporting webdriver.chrome.driver as C:\Users\nkaparov\.cache\selenium\chromedriver\win64\127.0.6533.119\chromedriver.exe
2024-08-14 17:29:58 INFO  UI.BaseTest - Пользователь на главной странице Админ Панель
2024-08-14 17:29:58 INFO  U.r.RegistrationNpTest - Пользователь находится на первой шаге Регистрации НП
2024-08-14 17:29:59 INFO  U.r.RegistrationNpTest - Пользователь находится на втором шаге Регистрации НП
2024-08-14 17:30:00 INFO  U.r.RegistrationNp2Test - Номер заполнен!
2024-08-14 17:30:04 INFO  U.r.RegistrationNp2Test - Дата первого числа введена удачно
2024-08-14 17:30:05 INFO  U.r.RegistrationNp2Test - Указанно 14.08.2024 дата
2024-08-14 17:30:07 ERROR U.r.RegistrationNp2Test - Не удалось найти файл в папке!
2024-08-14 17:30:09 ERROR U.r.RegistrationNp2Test - Не удалось найти файл на РУ и КГ в папке!
2024-08-14 17:31:02 INFO  org.testng.internal.Utils - [TestNG] Running:
  C:\Users\nkaparov\IdeaProjects\ESEP\startAllTests.xml

2024-08-14 17:31:03 INFO  i.g.bonigarcia.wdm.WebDriverManager - Using chromedriver 127.0.6533.119 (resolved driver for Chrome 127)
2024-08-14 17:31:03 INFO  i.g.bonigarcia.wdm.WebDriverManager - Exporting webdriver.chrome.driver as C:\Users\nkaparov\.cache\selenium\chromedriver\win64\127.0.6533.119\chromedriver.exe
2024-08-14 17:31:06 INFO  UI.BaseTest - Пользователь на главной странице Админ Панель
2024-08-14 17:31:06 INFO  U.r.RegistrationNpTest - Пользователь находится на первой шаге Регистрации НП
2024-08-14 17:31:07 INFO  U.r.RegistrationNpTest - Пользователь находится на втором шаге Регистрации НП
2024-08-14 17:31:25 INFO  org.testng.internal.Utils - [TestNG] Running:
  C:\Users\nkaparov\IdeaProjects\ESEP\startAllTests.xml

2024-08-14 17:31:25 INFO  i.g.bonigarcia.wdm.WebDriverManager - Using chromedriver 127.0.6533.119 (resolved driver for Chrome 127)
2024-08-14 17:31:25 INFO  i.g.bonigarcia.wdm.WebDriverManager - Exporting webdriver.chrome.driver as C:\Users\nkaparov\.cache\selenium\chromedriver\win64\127.0.6533.119\chromedriver.exe
2024-08-14 17:31:28 INFO  UI.BaseTest - Пользователь на главной странице Админ Панель
2024-08-14 17:31:28 INFO  U.r.RegistrationNpTest - Пользователь находится на первой шаге Регистрации НП
2024-08-14 17:31:29 INFO  U.r.RegistrationNpTest - Пользователь находится на втором шаге Регистрации НП
2024-08-14 17:31:30 INFO  U.r.RegistrationNp2Test - Номер заполнен!
2024-08-14 17:31:35 INFO  U.r.RegistrationNp2Test - Дата первого числа введена удачно
2024-08-14 17:31:35 INFO  U.r.RegistrationNp2Test - Указанно 14.08.2024 дата
2024-08-14 17:31:38 ERROR U.r.RegistrationNp2Test - Не удалось найти файл в папке!
2024-08-14 17:31:40 ERROR U.r.RegistrationNp2Test - Не удалось найти файл на РУ и КГ в папке!
2024-08-14 17:31:47 INFO  U.r.RegistrationNp2Test - Поля в регистрации ККМ заполнены
2024-08-14 17:31:54 INFO  U.r.RegistrationNp2Test - Регистрация ККМ прошла успешно
2024-08-14 17:33:18 INFO  org.testng.internal.Utils - [TestNG] Running:
  C:\Users\nkaparov\IdeaProjects\ESEP\startAllTests.xml

2024-08-14 17:33:18 INFO  i.g.bonigarcia.wdm.WebDriverManager - Using chromedriver 127.0.6533.119 (resolved driver for Chrome 127)
2024-08-14 17:33:18 INFO  i.g.bonigarcia.wdm.WebDriverManager - Exporting webdriver.chrome.driver as C:\Users\nkaparov\.cache\selenium\chromedriver\win64\127.0.6533.119\chromedriver.exe
2024-08-14 17:33:21 INFO  UI.BaseTest - Пользователь на главной странице Админ Панель
2024-08-14 17:33:22 INFO  U.r.RegistrationNp2Test - Пользователь находится на странице Регистрации ККМ
2024-08-14 17:33:28 INFO  U.r.RegistrationNp2Test - Поля в регистрации ККМ заполнены
2024-08-14 17:33:39 INFO  U.r.RegistrationNp2Test - Регистрация ККМ прошла успешно
2024-08-14 17:37:59 INFO  org.testng.internal.Utils - [TestNG] Running:
  C:\Users\nkaparov\IdeaProjects\ESEP\startAllTests.xml

2024-08-14 17:38:00 INFO  i.g.bonigarcia.wdm.WebDriverManager - Using chromedriver 127.0.6533.119 (resolved driver for Chrome 127)
2024-08-14 17:38:00 INFO  i.g.bonigarcia.wdm.WebDriverManager - Exporting webdriver.chrome.driver as C:\Users\nkaparov\.cache\selenium\chromedriver\win64\127.0.6533.119\chromedriver.exe
2024-08-14 17:38:03 INFO  UI.BaseTest - Пользователь на главной странице Админ Панель
2024-08-14 17:38:03 INFO  U.r.RegistrationNp2Test - Пользователь находится на странице Инфорамация НП
2024-08-14 17:38:03 INFO  U.r.RegistrationNp2Test - Пользователь находится на странице Регистрации ККМ
2024-08-14 17:38:10 INFO  U.r.RegistrationNp2Test - Поля в регистрации ККМ заполнены
2024-08-14 17:38:15 INFO  U.r.RegistrationNp2Test - Регистрация ККМ прошла успешно
2024-08-14 17:38:48 INFO  org.testng.internal.Utils - [TestNG] Running:
  C:\Users\nkaparov\IdeaProjects\ESEP\startAllTests.xml

2024-08-14 17:38:49 INFO  i.g.bonigarcia.wdm.WebDriverManager - Using chromedriver 127.0.6533.119 (resolved driver for Chrome 127)
2024-08-14 17:38:49 INFO  i.g.bonigarcia.wdm.WebDriverManager - Exporting webdriver.chrome.driver as C:\Users\nkaparov\.cache\selenium\chromedriver\win64\127.0.6533.119\chromedriver.exe
2024-08-14 17:38:52 INFO  UI.BaseTest - Пользователь на главной странице Админ Панель
2024-08-14 17:38:52 INFO  U.r.RegistrationNpTest - Пользователь находится на первой шаге Регистрации НП
2024-08-14 17:38:53 INFO  U.r.RegistrationNpTest - Пользователь находится на втором шаге Регистрации НП
2024-08-14 17:38:53 ERROR U.r.RegistrationNp2Test - ОШИБКА: java.lang.NullPointerException: Cannot read field "registrationNp2Pages" because "this.allPages" is null
2024-08-14 17:38:53 ERROR U.r.RegistrationNp2Test - ОШИБКА java.lang.NullPointerException: Cannot read field "registrationNp2Pages" because "this.allPages" is null
2024-08-14 17:46:43 INFO  org.testng.internal.Utils - [TestNG] Running:
  C:\Users\nkaparov\IdeaProjects\ESEP\startAllTests.xml

2024-08-14 17:46:44 INFO  i.g.bonigarcia.wdm.WebDriverManager - Using chromedriver 127.0.6533.119 (resolved driver for Chrome 127)
2024-08-14 17:46:44 INFO  i.g.bonigarcia.wdm.WebDriverManager - Exporting webdriver.chrome.driver as C:\Users\nkaparov\.cache\selenium\chromedriver\win64\127.0.6533.119\chromedriver.exe
2024-08-14 17:46:47 INFO  UI.BaseTest - Пользователь на главной странице Админ Панель
2024-08-14 17:46:47 INFO  U.r.RegistrationNpTest - Пользователь находится на первой шаге Регистрации НП
2024-08-14 17:46:48 INFO  U.r.RegistrationNpTest - Пользователь находится на втором шаге Регистрации НП
2024-08-14 17:47:04 INFO  org.testng.internal.Utils - [TestNG] Running:
  C:\Users\nkaparov\IdeaProjects\ESEP\startAllTests.xml

2024-08-14 17:47:04 INFO  i.g.bonigarcia.wdm.WebDriverManager - Using chromedriver 127.0.6533.119 (resolved driver for Chrome 127)
2024-08-14 17:47:04 INFO  i.g.bonigarcia.wdm.WebDriverManager - Exporting webdriver.chrome.driver as C:\Users\nkaparov\.cache\selenium\chromedriver\win64\127.0.6533.119\chromedriver.exe
2024-08-14 17:47:07 INFO  UI.BaseTest - Пользователь на главной странице Админ Панель
2024-08-14 17:47:07 INFO  U.r.RegistrationNpTest - Пользователь находится на первой шаге Регистрации НП
2024-08-14 17:47:08 INFO  U.r.RegistrationNpTest - Пользователь находится на втором шаге Регистрации НП
2024-08-14 17:48:05 INFO  org.testng.internal.Utils - [TestNG] Running:
  C:\Users\nkaparov\IdeaProjects\ESEP\startAllTests.xml

2024-08-14 17:48:05 INFO  i.g.bonigarcia.wdm.WebDriverManager - Using chromedriver 127.0.6533.119 (resolved driver for Chrome 127)
2024-08-14 17:48:05 INFO  i.g.bonigarcia.wdm.WebDriverManager - Exporting webdriver.chrome.driver as C:\Users\nkaparov\.cache\selenium\chromedriver\win64\127.0.6533.119\chromedriver.exe
2024-08-14 17:48:08 INFO  UI.BaseTest - Пользователь на главной странице Админ Панель
2024-08-14 17:48:09 INFO  U.r.RegistrationNpTest - Пользователь находится на первой шаге Регистрации НП
2024-08-14 17:48:10 INFO  U.r.RegistrationNpTest - Пользователь находится на втором шаге Регистрации НП
2024-08-14 17:48:11 INFO  U.r.RegistrationNp2Test - Номер заполнен!
2024-08-14 17:48:15 INFO  U.r.RegistrationNp2Test - Дата первого числа введена удачно
2024-08-14 17:48:16 INFO  U.r.RegistrationNp2Test - Указанно 14.08.2024 дата
2024-08-14 17:48:18 ERROR U.r.RegistrationNp2Test - Не удалось найти файл в папке!
2024-08-14 17:48:20 ERROR U.r.RegistrationNp2Test - Не удалось найти файл на РУ и КГ в папке!
2024-08-14 17:48:21 INFO  U.r.RegistrationNp2Test - СОЗДАНИЕ НП ПРОШЛО УСПЕШНО!!!
2024-08-14 17:48:21 INFO  U.r.RegistrationNp2Test - Пользователь находится на странице Инфорамация НП
2024-08-14 17:48:21 INFO  U.r.RegistrationNp2Test - Пользователь находится на странице Регистрации ККМ
2024-08-14 17:48:27 INFO  U.r.RegistrationNp2Test - Поля в регистрации ККМ заполнены
2024-08-14 17:48:38 INFO  U.r.RegistrationNp2Test - Регистрация ККМ прошла успешно
