2024-08-06 16:52:31 INFO  org.testng.internal.Utils - [TestNG] Running:
  C:\Users\nkaparov\IdeaProjects\ESEP\startAllTests.xml

2024-08-06 16:52:33 INFO  i.g.bonigarcia.wdm.WebDriverManager - Using chromedriver 127.0.6533.88 (resolved driver for Chrome 127)
2024-08-06 16:52:34 INFO  i.g.bonigarcia.wdm.WebDriverManager - Exporting webdriver.chrome.driver as C:\Users\nkaparov\.cache\selenium\chromedriver\win64\127.0.6533.88\chromedriver.exe
2024-08-06 16:52:37 INFO  UI.BaseTest - Пользователь на главной странице Админ Панель
2024-08-06 16:52:37 INFO  U.r.RegistrationNp2Test - Пользователь находится на первой шаге Регистрации НП
2024-08-06 16:52:38 INFO  U.r.RegistrationNp2Test - Пользователь находится на втором шаге Регистрации НП
2024-08-06 16:53:02 INFO  org.testng.internal.Utils - [TestNG] Running:
  C:\Users\nkaparov\IdeaProjects\ESEP\startAllTests.xml

2024-08-06 16:53:02 INFO  i.g.bonigarcia.wdm.WebDriverManager - Using chromedriver 127.0.6533.88 (resolved driver for Chrome 127)
2024-08-06 16:53:02 INFO  i.g.bonigarcia.wdm.WebDriverManager - Exporting webdriver.chrome.driver as C:\Users\nkaparov\.cache\selenium\chromedriver\win64\127.0.6533.88\chromedriver.exe
2024-08-06 16:53:06 INFO  UI.BaseTest - Пользователь на главной странице Админ Панель
2024-08-06 16:53:06 INFO  U.r.RegistrationNp2Test - Пользователь находится на первой шаге Регистрации НП
2024-08-06 16:53:07 INFO  U.r.RegistrationNp2Test - Пользователь находится на втором шаге Регистрации НП
2024-08-06 16:53:23 ERROR U.r.RegistrationNp2Test - Заполнение полей и даты во втором шаге выдала ошибку:org.openqa.selenium.TimeoutException: Expected condition failed: waiting for visibility of [[ChromeDriver: chrome on windows (8c1d88da856f9b7a52aa6a9046694751)] -> id: taxSystemCode] (tried for 15 second(s) with 500 milliseconds interval)
Build info: version: '4.22.0', revision: 'c5f3146703*'
System info: os.name: 'Windows 11', os.arch: 'amd64', os.version: '10.0', java.version: '22.0.1'
Driver info: org.openqa.selenium.chrome.ChromeDriver
Capabilities {acceptInsecureCerts: false, browserName: chrome, browserVersion: 127.0.6533.89, chrome: {chromedriverVersion: 127.0.6533.88 (a2d0cb026721..., userDataDir: C:\Users\nkaparov\AppData\L...}, fedcm:accounts: true, goog:chromeOptions: {debuggerAddress: localhost:62346}, networkConnectionEnabled: false, pageLoadStrategy: normal, platformName: windows, proxy: Proxy(), se:cdp: ws://localhost:62346/devtoo..., se:cdpVersion: 127.0.6533.89, setWindowRect: true, strictFileInteractability: false, timeouts: {implicit: 0, pageLoad: 300000, script: 30000}, unhandledPromptBehavior: dismiss and notify, webauthn:extension:credBlob: true, webauthn:extension:largeBlob: true, webauthn:extension:minPinLength: true, webauthn:extension:prf: true, webauthn:virtualAuthenticators: true}
Session ID: 8c1d88da856f9b7a52aa6a9046694751
2024-08-06 16:53:27 ERROR U.r.RegistrationNp2Test - Не удалось найти файл в папке!
2024-08-06 16:53:37 ERROR U.r.RegistrationNp2Test - Пользотель не на главной странице Админ Панель
2024-08-06 17:24:35 INFO  org.testng.internal.Utils - [TestNG] Running:
  C:\Users\nkaparov\IdeaProjects\ESEP\startAllTests.xml

2024-08-06 17:24:36 INFO  i.g.bonigarcia.wdm.WebDriverManager - Using chromedriver 127.0.6533.88 (resolved driver for Chrome 127)
2024-08-06 17:24:36 INFO  i.g.bonigarcia.wdm.WebDriverManager - Exporting webdriver.chrome.driver as C:\Users\nkaparov\.cache\selenium\chromedriver\win64\127.0.6533.88\chromedriver.exe
2024-08-06 17:24:39 INFO  UI.BaseTest - Пользователь на главной странице Админ Панель
2024-08-06 17:24:39 INFO  U.r.RegistrationNp2Test - Пользователь находится на первой шаге Регистрации НП
2024-08-06 17:24:40 INFO  U.r.RegistrationNp2Test - Пользователь находится на втором шаге Регистрации НП
2024-08-06 17:24:56 ERROR U.r.RegistrationNp2Test - Заполнение полей и даты во втором шаге выдала ошибку:org.openqa.selenium.TimeoutException: Expected condition failed: waiting for visibility of [[ChromeDriver: chrome on windows (5185b2389763d325710d15a0d1b64b8d)] -> id: taxSystemCode] (tried for 15 second(s) with 500 milliseconds interval)
Build info: version: '4.22.0', revision: 'c5f3146703*'
System info: os.name: 'Windows 11', os.arch: 'amd64', os.version: '10.0', java.version: '22.0.1'
Driver info: org.openqa.selenium.chrome.ChromeDriver
Capabilities {acceptInsecureCerts: false, browserName: chrome, browserVersion: 127.0.6533.89, chrome: {chromedriverVersion: 127.0.6533.88 (a2d0cb026721..., userDataDir: C:\Users\nkaparov\AppData\L...}, fedcm:accounts: true, goog:chromeOptions: {debuggerAddress: localhost:64188}, networkConnectionEnabled: false, pageLoadStrategy: normal, platformName: windows, proxy: Proxy(), se:cdp: ws://localhost:64188/devtoo..., se:cdpVersion: 127.0.6533.89, setWindowRect: true, strictFileInteractability: false, timeouts: {implicit: 0, pageLoad: 300000, script: 30000}, unhandledPromptBehavior: dismiss and notify, webauthn:extension:credBlob: true, webauthn:extension:largeBlob: true, webauthn:extension:minPinLength: true, webauthn:extension:prf: true, webauthn:virtualAuthenticators: true}
Session ID: 5185b2389763d325710d15a0d1b64b8d
2024-08-06 17:25:01 ERROR U.r.RegistrationNp2Test - Не удалось найти файл в папке!
2024-08-06 17:25:11 ERROR U.r.RegistrationNp2Test - Пользотель не на главной странице Админ Панель
2024-08-06 17:28:12 INFO  org.testng.internal.Utils - [TestNG] Running:
  C:\Users\nkaparov\IdeaProjects\ESEP\startAllTests.xml

2024-08-06 17:28:12 INFO  i.g.bonigarcia.wdm.WebDriverManager - Using chromedriver 127.0.6533.88 (resolved driver for Chrome 127)
2024-08-06 17:28:13 INFO  i.g.bonigarcia.wdm.WebDriverManager - Exporting webdriver.chrome.driver as C:\Users\nkaparov\.cache\selenium\chromedriver\win64\127.0.6533.88\chromedriver.exe
2024-08-06 17:28:16 INFO  UI.BaseTest - Пользователь на главной странице Админ Панель
2024-08-06 17:28:16 INFO  U.r.RegistrationNp2Test - Пользователь находится на первой шаге Регистрации НП
2024-08-06 17:28:17 INFO  U.r.RegistrationNp2Test - Пользователь находится на втором шаге Регистрации НП
2024-08-06 17:28:33 ERROR U.r.RegistrationNp2Test - Заполнение полей и даты во втором шаге выдала ошибку:org.openqa.selenium.TimeoutException: Expected condition failed: waiting for visibility of [[ChromeDriver: chrome on windows (085dcde5850455efa604ef58cba953d8)] -> id: taxSystemCode] (tried for 15 second(s) with 500 milliseconds interval)
Build info: version: '4.22.0', revision: 'c5f3146703*'
System info: os.name: 'Windows 11', os.arch: 'amd64', os.version: '10.0', java.version: '22.0.1'
Driver info: org.openqa.selenium.chrome.ChromeDriver
Capabilities {acceptInsecureCerts: false, browserName: chrome, browserVersion: 127.0.6533.89, chrome: {chromedriverVersion: 127.0.6533.88 (a2d0cb026721..., userDataDir: C:\Users\nkaparov\AppData\L...}, fedcm:accounts: true, goog:chromeOptions: {debuggerAddress: localhost:64514}, networkConnectionEnabled: false, pageLoadStrategy: normal, platformName: windows, proxy: Proxy(), se:cdp: ws://localhost:64514/devtoo..., se:cdpVersion: 127.0.6533.89, setWindowRect: true, strictFileInteractability: false, timeouts: {implicit: 0, pageLoad: 300000, script: 30000}, unhandledPromptBehavior: dismiss and notify, webauthn:extension:credBlob: true, webauthn:extension:largeBlob: true, webauthn:extension:minPinLength: true, webauthn:extension:prf: true, webauthn:virtualAuthenticators: true}
Session ID: 085dcde5850455efa604ef58cba953d8
2024-08-06 17:28:38 INFO  org.testng.internal.Utils - [TestNG] Running:
  C:\Users\nkaparov\IdeaProjects\ESEP\startAllTests.xml

2024-08-06 17:28:38 INFO  i.g.bonigarcia.wdm.WebDriverManager - Using chromedriver 127.0.6533.88 (resolved driver for Chrome 127)
2024-08-06 17:28:38 INFO  i.g.bonigarcia.wdm.WebDriverManager - Exporting webdriver.chrome.driver as C:\Users\nkaparov\.cache\selenium\chromedriver\win64\127.0.6533.88\chromedriver.exe
2024-08-06 17:28:42 INFO  UI.BaseTest - Пользователь на главной странице Админ Панель
2024-08-06 17:28:42 INFO  U.r.RegistrationNp2Test - Пользователь находится на первой шаге Регистрации НП
2024-08-06 17:28:43 INFO  U.r.RegistrationNp2Test - Пользователь находится на втором шаге Регистрации НП
2024-08-06 17:31:36 INFO  org.testng.internal.Utils - [TestNG] Running:
  C:\Users\nkaparov\IdeaProjects\ESEP\startAllTests.xml

2024-08-06 17:31:37 INFO  i.g.bonigarcia.wdm.WebDriverManager - Using chromedriver 127.0.6533.88 (resolved driver for Chrome 127)
2024-08-06 17:31:37 INFO  i.g.bonigarcia.wdm.WebDriverManager - Exporting webdriver.chrome.driver as C:\Users\nkaparov\.cache\selenium\chromedriver\win64\127.0.6533.88\chromedriver.exe
2024-08-06 17:31:40 INFO  UI.BaseTest - Пользователь на главной странице Админ Панель
2024-08-06 17:31:40 INFO  U.r.RegistrationNp2Test - Пользователь находится на первой шаге Регистрации НП
2024-08-06 17:31:41 INFO  U.r.RegistrationNp2Test - Пользователь находится на втором шаге Регистрации НП
2024-08-06 17:35:32 INFO  org.testng.internal.Utils - [TestNG] Running:
  C:\Users\nkaparov\IdeaProjects\ESEP\startAllTests.xml

2024-08-06 17:35:32 INFO  i.g.bonigarcia.wdm.WebDriverManager - Using chromedriver 127.0.6533.88 (resolved driver for Chrome 127)
2024-08-06 17:35:32 INFO  i.g.bonigarcia.wdm.WebDriverManager - Exporting webdriver.chrome.driver as C:\Users\nkaparov\.cache\selenium\chromedriver\win64\127.0.6533.88\chromedriver.exe
2024-08-06 17:35:35 INFO  UI.BaseTest - Пользователь на главной странице Админ Панель
2024-08-06 17:35:36 INFO  U.r.RegistrationNp2Test - Пользователь находится на первой шаге Регистрации НП
2024-08-06 17:35:37 INFO  U.r.RegistrationNp2Test - Пользователь находится на втором шаге Регистрации НП
2024-08-06 17:37:36 INFO  org.testng.internal.Utils - [TestNG] Running:
  C:\Users\nkaparov\AppData\Local\JetBrains\IdeaIC2024.1\temp-testng-customsuite.xml

2024-08-06 17:37:36 INFO  i.g.bonigarcia.wdm.WebDriverManager - Using chromedriver 127.0.6533.88 (resolved driver for Chrome 127)
2024-08-06 17:37:36 INFO  i.g.bonigarcia.wdm.WebDriverManager - Exporting webdriver.chrome.driver as C:\Users\nkaparov\.cache\selenium\chromedriver\win64\127.0.6533.88\chromedriver.exe
2024-08-06 17:37:39 INFO  UI.BaseTest - Пользователь на главной странице Админ Панель
2024-08-06 17:38:06 INFO  org.testng.internal.Utils - [TestNG] Running:
  C:\Users\nkaparov\IdeaProjects\ESEP\startAllTests.xml

2024-08-06 17:38:06 INFO  i.g.bonigarcia.wdm.WebDriverManager - Using chromedriver 127.0.6533.88 (resolved driver for Chrome 127)
2024-08-06 17:38:06 INFO  i.g.bonigarcia.wdm.WebDriverManager - Exporting webdriver.chrome.driver as C:\Users\nkaparov\.cache\selenium\chromedriver\win64\127.0.6533.88\chromedriver.exe
2024-08-06 17:38:09 INFO  UI.BaseTest - Пользователь на главной странице Админ Панель
2024-08-06 17:38:09 INFO  U.r.RegistrationNp2Test - Пользователь находится на первой шаге Регистрации НП
2024-08-06 17:38:11 INFO  U.r.RegistrationNp2Test - Пользователь находится на втором шаге Регистрации НП
2024-08-06 17:38:11 INFO  U.r.RegistrationNp2Test - Номер заполнен!
2024-08-06 17:39:59 INFO  org.testng.internal.Utils - [TestNG] Running:
  C:\Users\nkaparov\IdeaProjects\ESEP\startAllTests.xml

2024-08-06 17:40:00 INFO  i.g.bonigarcia.wdm.WebDriverManager - Using chromedriver 127.0.6533.88 (resolved driver for Chrome 127)
2024-08-06 17:40:00 INFO  i.g.bonigarcia.wdm.WebDriverManager - Exporting webdriver.chrome.driver as C:\Users\nkaparov\.cache\selenium\chromedriver\win64\127.0.6533.88\chromedriver.exe
2024-08-06 17:40:03 INFO  UI.BaseTest - Пользователь на главной странице Админ Панель
2024-08-06 17:40:03 INFO  U.r.RegistrationNp2Test - Пользователь находится на первой шаге Регистрации НП
2024-08-06 17:40:04 INFO  U.r.RegistrationNp2Test - Пользователь находится на втором шаге Регистрации НП
2024-08-06 17:40:05 INFO  U.r.RegistrationNp2Test - Номер заполнен!
2024-08-06 17:40:20 ERROR U.r.RegistrationNp2Test - Заполнение полей и даты во втором шаге выдала ошибку:org.openqa.selenium.TimeoutException: Expected condition failed: waiting for visibility of [[ChromeDriver: chrome on windows (4a23cc622b54c47e839716e96b14d57c)] -> id: taxSystemCode] (tried for 15 second(s) with 500 milliseconds interval)
Build info: version: '4.22.0', revision: 'c5f3146703*'
System info: os.name: 'Windows 11', os.arch: 'amd64', os.version: '10.0', java.version: '22.0.1'
Driver info: org.openqa.selenium.chrome.ChromeDriver
Capabilities {acceptInsecureCerts: false, browserName: chrome, browserVersion: 127.0.6533.89, chrome: {chromedriverVersion: 127.0.6533.88 (a2d0cb026721..., userDataDir: C:\Users\nkaparov\AppData\L...}, fedcm:accounts: true, goog:chromeOptions: {debuggerAddress: localhost:49249}, networkConnectionEnabled: false, pageLoadStrategy: normal, platformName: windows, proxy: Proxy(), se:cdp: ws://localhost:49249/devtoo..., se:cdpVersion: 127.0.6533.89, setWindowRect: true, strictFileInteractability: false, timeouts: {implicit: 0, pageLoad: 300000, script: 30000}, unhandledPromptBehavior: dismiss and notify, webauthn:extension:credBlob: true, webauthn:extension:largeBlob: true, webauthn:extension:minPinLength: true, webauthn:extension:prf: true, webauthn:virtualAuthenticators: true}
Session ID: 4a23cc622b54c47e839716e96b14d57c
2024-08-06 17:40:24 ERROR U.r.RegistrationNp2Test - Не удалось найти файл в папке!
2024-08-06 17:40:35 ERROR U.r.RegistrationNp2Test - Пользотель не на главной странице Админ Панель
2024-08-06 17:41:24 INFO  org.testng.internal.Utils - [TestNG] Running:
  C:\Users\nkaparov\IdeaProjects\ESEP\startAllTests.xml

2024-08-06 17:41:24 INFO  i.g.bonigarcia.wdm.WebDriverManager - Using chromedriver 127.0.6533.88 (resolved driver for Chrome 127)
2024-08-06 17:41:25 INFO  i.g.bonigarcia.wdm.WebDriverManager - Exporting webdriver.chrome.driver as C:\Users\nkaparov\.cache\selenium\chromedriver\win64\127.0.6533.88\chromedriver.exe
2024-08-06 17:41:28 INFO  UI.BaseTest - Пользователь на главной странице Админ Панель
2024-08-06 17:41:28 INFO  U.r.RegistrationNp2Test - Пользователь находится на первой шаге Регистрации НП
2024-08-06 17:41:29 INFO  U.r.RegistrationNp2Test - Пользователь находится на втором шаге Регистрации НП
2024-08-06 17:41:30 INFO  U.r.RegistrationNp2Test - Номер заполнен!
2024-08-06 17:41:31 ERROR U.r.RegistrationNp2Test - Заполнение полей и даты во втором шаге выдала ошибку:org.openqa.selenium.ElementClickInterceptedException: element click intercepted: Element <span class="ant-select-selection-placeholder" style="background: yellow; border: 2px solid red;">...</span> is not clickable at point (1277, 353). Other element would receive the click: <input type="search" id="taxSystemCode" autocomplete="off" class="ant-select-selection-search-input" role="combobox" aria-expanded="false" aria-haspopup="listbox" aria-owns="taxSystemCode_list" aria-autocomplete="list" aria-controls="taxSystemCode_list" aria-required="true" readonly="" unselectable="on" value="" style="opacity: 0;">
  (Session info: chrome=127.0.6533.89)
Build info: version: '4.22.0', revision: 'c5f3146703*'
System info: os.name: 'Windows 11', os.arch: 'amd64', os.version: '10.0', java.version: '22.0.1'
Driver info: org.openqa.selenium.chrome.ChromeDriver
Command: [fb8b9f7a6b563a3b23552fa0dd4a67fa, clickElement {id=f.EAFAEB5822D775859F4329E191D5BD90.d.B3A8A92C6AC9E44062D028A37112F233.e.76}]
Capabilities {acceptInsecureCerts: false, browserName: chrome, browserVersion: 127.0.6533.89, chrome: {chromedriverVersion: 127.0.6533.88 (a2d0cb026721..., userDataDir: C:\Users\nkaparov\AppData\L...}, fedcm:accounts: true, goog:chromeOptions: {debuggerAddress: localhost:49392}, networkConnectionEnabled: false, pageLoadStrategy: normal, platformName: windows, proxy: Proxy(), se:cdp: ws://localhost:49392/devtoo..., se:cdpVersion: 127.0.6533.89, setWindowRect: true, strictFileInteractability: false, timeouts: {implicit: 0, pageLoad: 300000, script: 30000}, unhandledPromptBehavior: dismiss and notify, webauthn:extension:credBlob: true, webauthn:extension:largeBlob: true, webauthn:extension:minPinLength: true, webauthn:extension:prf: true, webauthn:virtualAuthenticators: true}
Element: [[ChromeDriver: chrome on windows (fb8b9f7a6b563a3b23552fa0dd4a67fa)] -> xpath: //span[text()='СНО']]
Session ID: fb8b9f7a6b563a3b23552fa0dd4a67fa
2024-08-06 17:41:35 ERROR U.r.RegistrationNp2Test - Не удалось найти файл в папке!
2024-08-06 17:41:45 ERROR U.r.RegistrationNp2Test - Пользотель не на главной странице Админ Панель
2024-08-06 17:43:22 INFO  org.testng.internal.Utils - [TestNG] Running:
  C:\Users\nkaparov\IdeaProjects\ESEP\startAllTests.xml

2024-08-06 17:43:23 INFO  i.g.bonigarcia.wdm.WebDriverManager - Using chromedriver 127.0.6533.88 (resolved driver for Chrome 127)
2024-08-06 17:43:23 INFO  i.g.bonigarcia.wdm.WebDriverManager - Exporting webdriver.chrome.driver as C:\Users\nkaparov\.cache\selenium\chromedriver\win64\127.0.6533.88\chromedriver.exe
2024-08-06 17:43:26 INFO  UI.BaseTest - Пользователь на главной странице Админ Панель
2024-08-06 17:43:26 INFO  U.r.RegistrationNp2Test - Пользователь находится на первой шаге Регистрации НП
2024-08-06 17:43:28 INFO  U.r.RegistrationNp2Test - Пользователь находится на втором шаге Регистрации НП
2024-08-06 17:43:28 INFO  U.r.RegistrationNp2Test - Номер заполнен!
2024-08-06 17:43:29 ERROR U.r.RegistrationNp2Test - Заполнение полей и даты во втором шаге выдала ошибку:org.openqa.selenium.ElementClickInterceptedException: element click intercepted: Element <span class="ant-select-selection-placeholder" style="background: yellow; border: 2px solid red;">...</span> is not clickable at point (1277, 353). Other element would receive the click: <input type="search" id="taxSystemCode" autocomplete="off" class="ant-select-selection-search-input" role="combobox" aria-expanded="false" aria-haspopup="listbox" aria-owns="taxSystemCode_list" aria-autocomplete="list" aria-controls="taxSystemCode_list" aria-required="true" readonly="" unselectable="on" value="" style="opacity: 0;">
  (Session info: chrome=127.0.6533.89)
Build info: version: '4.22.0', revision: 'c5f3146703*'
System info: os.name: 'Windows 11', os.arch: 'amd64', os.version: '10.0', java.version: '22.0.1'
Driver info: org.openqa.selenium.chrome.ChromeDriver
Command: [751d773166dea21d14a66f62c7afcfff, clickElement {id=f.12A745AB3CEE225FB2FD52BDD7355B66.d.FFDF233490E3E05F8A4A119AFB7A6FE3.e.77}]
Capabilities {acceptInsecureCerts: false, browserName: chrome, browserVersion: 127.0.6533.89, chrome: {chromedriverVersion: 127.0.6533.88 (a2d0cb026721..., userDataDir: C:\Users\nkaparov\AppData\L...}, fedcm:accounts: true, goog:chromeOptions: {debuggerAddress: localhost:49629}, networkConnectionEnabled: false, pageLoadStrategy: normal, platformName: windows, proxy: Proxy(), se:cdp: ws://localhost:49629/devtoo..., se:cdpVersion: 127.0.6533.89, setWindowRect: true, strictFileInteractability: false, timeouts: {implicit: 0, pageLoad: 300000, script: 30000}, unhandledPromptBehavior: dismiss and notify, webauthn:extension:credBlob: true, webauthn:extension:largeBlob: true, webauthn:extension:minPinLength: true, webauthn:extension:prf: true, webauthn:virtualAuthenticators: true}
Element: [[ChromeDriver: chrome on windows (751d773166dea21d14a66f62c7afcfff)] -> xpath: //span[text()='СНО']]
Session ID: 751d773166dea21d14a66f62c7afcfff
2024-08-06 17:43:34 ERROR U.r.RegistrationNp2Test - Не удалось найти файл в папке!
2024-08-06 17:43:44 ERROR U.r.RegistrationNp2Test - Пользотель не на главной странице Админ Панель
2024-08-06 17:45:14 INFO  org.testng.internal.Utils - [TestNG] Running:
  C:\Users\nkaparov\IdeaProjects\ESEP\startAllTests.xml

2024-08-06 17:45:14 INFO  i.g.bonigarcia.wdm.WebDriverManager - Using chromedriver 127.0.6533.88 (resolved driver for Chrome 127)
2024-08-06 17:45:14 INFO  i.g.bonigarcia.wdm.WebDriverManager - Exporting webdriver.chrome.driver as C:\Users\nkaparov\.cache\selenium\chromedriver\win64\127.0.6533.88\chromedriver.exe
2024-08-06 17:45:17 INFO  UI.BaseTest - Пользователь на главной странице Админ Панель
2024-08-06 17:45:18 INFO  U.r.RegistrationNp2Test - Пользователь находится на первой шаге Регистрации НП
2024-08-06 17:45:19 INFO  U.r.RegistrationNp2Test - Пользователь находится на втором шаге Регистрации НП
2024-08-06 17:45:20 INFO  U.r.RegistrationNp2Test - Номер заполнен!
2024-08-06 17:45:21 ERROR U.r.RegistrationNp2Test - Заполнение полей и даты во втором шаге выдала ошибку:org.openqa.selenium.ElementClickInterceptedException: element click intercepted: Element <span class="ant-select-selection-placeholder" style="background: yellow; border: 2px solid red;">...</span> is not clickable at point (1277, 353). Other element would receive the click: <input type="search" id="taxSystemCode" autocomplete="off" class="ant-select-selection-search-input" role="combobox" aria-expanded="false" aria-haspopup="listbox" aria-owns="taxSystemCode_list" aria-autocomplete="list" aria-controls="taxSystemCode_list" aria-required="true" readonly="" unselectable="on" value="" style="opacity: 0;">
  (Session info: chrome=127.0.6533.89)
Build info: version: '4.22.0', revision: 'c5f3146703*'
System info: os.name: 'Windows 11', os.arch: 'amd64', os.version: '10.0', java.version: '22.0.1'
Driver info: org.openqa.selenium.chrome.ChromeDriver
Command: [771470aa6f213f7ada7bdcb10a4cace9, clickElement {id=f.A28C0B7262F3543D6EBA6BD5F62E64BE.d.AD26A788F328ED1AA758095609A46D4D.e.84}]
Capabilities {acceptInsecureCerts: false, browserName: chrome, browserVersion: 127.0.6533.89, chrome: {chromedriverVersion: 127.0.6533.88 (a2d0cb026721..., userDataDir: C:\Users\nkaparov\AppData\L...}, fedcm:accounts: true, goog:chromeOptions: {debuggerAddress: localhost:49872}, networkConnectionEnabled: false, pageLoadStrategy: normal, platformName: windows, proxy: Proxy(), se:cdp: ws://localhost:49872/devtoo..., se:cdpVersion: 127.0.6533.89, setWindowRect: true, strictFileInteractability: false, timeouts: {implicit: 0, pageLoad: 300000, script: 30000}, unhandledPromptBehavior: dismiss and notify, webauthn:extension:credBlob: true, webauthn:extension:largeBlob: true, webauthn:extension:minPinLength: true, webauthn:extension:prf: true, webauthn:virtualAuthenticators: true}
Element: [[ChromeDriver: chrome on windows (771470aa6f213f7ada7bdcb10a4cace9)] -> xpath: //span[text()='СНО']]
Session ID: 771470aa6f213f7ada7bdcb10a4cace9
2024-08-06 17:45:25 ERROR U.r.RegistrationNp2Test - Не удалось найти файл в папке!
2024-08-06 17:49:29 INFO  org.testng.internal.Utils - [TestNG] Running:
  C:\Users\nkaparov\IdeaProjects\ESEP\startAllTests.xml

2024-08-06 17:49:29 INFO  i.g.bonigarcia.wdm.WebDriverManager - Using chromedriver 127.0.6533.88 (resolved driver for Chrome 127)
2024-08-06 17:49:29 INFO  i.g.bonigarcia.wdm.WebDriverManager - Exporting webdriver.chrome.driver as C:\Users\nkaparov\.cache\selenium\chromedriver\win64\127.0.6533.88\chromedriver.exe
2024-08-06 17:49:32 INFO  UI.BaseTest - Пользователь на главной странице Админ Панель
2024-08-06 17:49:33 INFO  U.r.RegistrationNp2Test - Пользователь находится на первой шаге Регистрации НП
2024-08-06 17:49:34 INFO  U.r.RegistrationNp2Test - Пользователь находится на втором шаге Регистрации НП
2024-08-06 17:49:34 INFO  U.r.RegistrationNp2Test - Номер заполнен!
2024-08-06 17:49:36 ERROR U.r.RegistrationNp2Test - Заполнение полей и даты во втором шаге выдала ошибку:org.openqa.selenium.ElementClickInterceptedException: element click intercepted: Element <span class="ant-select-selection-placeholder" style="background: yellow; border: 2px solid red;">...</span> is not clickable at point (1277, 353). Other element would receive the click: <input type="search" id="taxSystemCode" autocomplete="off" class="ant-select-selection-search-input" role="combobox" aria-expanded="false" aria-haspopup="listbox" aria-owns="taxSystemCode_list" aria-autocomplete="list" aria-controls="taxSystemCode_list" aria-required="true" readonly="" unselectable="on" value="" style="opacity: 0;">
  (Session info: chrome=127.0.6533.89)
Build info: version: '4.22.0', revision: 'c5f3146703*'
System info: os.name: 'Windows 11', os.arch: 'amd64', os.version: '10.0', java.version: '22.0.1'
Driver info: org.openqa.selenium.chrome.ChromeDriver
Command: [264c0888a08f01fbbbb47adcd8969198, clickElement {id=f.BEBE66344D0341AF3D2EB4D193DD56A9.d.FC3359A2F9DD1CC70CC3E6DFD1E9802D.e.75}]
Capabilities {acceptInsecureCerts: false, browserName: chrome, browserVersion: 127.0.6533.89, chrome: {chromedriverVersion: 127.0.6533.88 (a2d0cb026721..., userDataDir: C:\Users\nkaparov\AppData\L...}, fedcm:accounts: true, goog:chromeOptions: {debuggerAddress: localhost:50493}, networkConnectionEnabled: false, pageLoadStrategy: normal, platformName: windows, proxy: Proxy(), se:cdp: ws://localhost:50493/devtoo..., se:cdpVersion: 127.0.6533.89, setWindowRect: true, strictFileInteractability: false, timeouts: {implicit: 0, pageLoad: 300000, script: 30000}, unhandledPromptBehavior: dismiss and notify, webauthn:extension:credBlob: true, webauthn:extension:largeBlob: true, webauthn:extension:minPinLength: true, webauthn:extension:prf: true, webauthn:virtualAuthenticators: true}
Element: [[ChromeDriver: chrome on windows (264c0888a08f01fbbbb47adcd8969198)] -> xpath: //span[text()='СНО']]
Session ID: 264c0888a08f01fbbbb47adcd8969198
2024-08-06 17:49:40 ERROR U.r.RegistrationNp2Test - Не удалось найти файл в папке!
