2024-07-26 10:40:36 INFO  org.testng.internal.Utils - [TestNG] Running:
  C:\Users\nkaparov\AppData\Local\JetBrains\IdeaIC2024.1\temp-testng-customsuite.xml

2024-07-26 10:40:38 INFO  i.g.bonigarcia.wdm.WebDriverManager - Using chromedriver 126.0.6478.182 (resolved driver for Chrome 126)
2024-07-26 10:40:38 INFO  i.g.bonigarcia.wdm.WebDriverManager - Exporting webdriver.chrome.driver as C:\Users\nkaparov\.cache\selenium\chromedriver\win64\126.0.6478.182\chromedriver.exe
2024-07-26 10:40:41 ERROR UI.BaseTest - Не найдена надпись 'ККМ'
2024-07-26 10:40:42 INFO  U.r.RegistrationNpTest - Пользователь находится на первой шаге Регистрации НП
2024-07-26 10:40:43 INFO  U.r.RegistrationNpTest - Пользователь находится на втором шаге Регистрации НП
2024-07-26 10:41:08 INFO  org.testng.internal.Utils - [TestNG] Running:
  C:\Users\nkaparov\AppData\Local\JetBrains\IdeaIC2024.1\temp-testng-customsuite.xml

2024-07-26 10:41:08 INFO  i.g.bonigarcia.wdm.WebDriverManager - Using chromedriver 126.0.6478.182 (resolved driver for Chrome 126)
2024-07-26 10:41:08 INFO  i.g.bonigarcia.wdm.WebDriverManager - Exporting webdriver.chrome.driver as C:\Users\nkaparov\.cache\selenium\chromedriver\win64\126.0.6478.182\chromedriver.exe
2024-07-26 10:41:11 ERROR UI.BaseTest - Не найдена надпись 'ККМ'
2024-07-26 10:41:11 INFO  U.r.RegistrationNpTest - Пользователь находится на первой шаге Регистрации НП
2024-07-26 10:41:12 INFO  U.r.RegistrationNpTest - Пользователь находится на втором шаге Регистрации НП
2024-07-26 10:41:23 INFO  org.testng.internal.Utils - [TestNG] Running:
  C:\Users\nkaparov\AppData\Local\JetBrains\IdeaIC2024.1\temp-testng-customsuite.xml

2024-07-26 10:41:23 INFO  i.g.bonigarcia.wdm.WebDriverManager - Using chromedriver 126.0.6478.182 (resolved driver for Chrome 126)
2024-07-26 10:41:23 INFO  i.g.bonigarcia.wdm.WebDriverManager - Exporting webdriver.chrome.driver as C:\Users\nkaparov\.cache\selenium\chromedriver\win64\126.0.6478.182\chromedriver.exe
2024-07-26 10:41:27 ERROR UI.BaseTest - Не найдена надпись 'ККМ'
2024-07-26 10:41:27 INFO  U.r.RegistrationNpTest - Пользователь находится на первой шаге Регистрации НП
2024-07-26 10:41:28 INFO  U.r.RegistrationNpTest - Пользователь находится на втором шаге Регистрации НП
2024-07-26 10:41:45 INFO  org.testng.internal.Utils - [TestNG] Running:
  C:\Users\nkaparov\AppData\Local\JetBrains\IdeaIC2024.1\temp-testng-customsuite.xml

2024-07-26 10:41:46 INFO  i.g.bonigarcia.wdm.WebDriverManager - Using chromedriver 126.0.6478.182 (resolved driver for Chrome 126)
2024-07-26 10:41:46 INFO  i.g.bonigarcia.wdm.WebDriverManager - Exporting webdriver.chrome.driver as C:\Users\nkaparov\.cache\selenium\chromedriver\win64\126.0.6478.182\chromedriver.exe
2024-07-26 10:41:49 ERROR UI.BaseTest - Не найдена надпись 'ККМ'
2024-07-26 10:41:49 INFO  U.r.RegistrationNpTest - Пользователь находится на первой шаге Регистрации НП
2024-07-26 10:41:50 INFO  U.r.RegistrationNpTest - Пользователь находится на втором шаге Регистрации НП
2024-07-26 10:42:00 INFO  org.testng.internal.Utils - [TestNG] Running:
  C:\Users\nkaparov\AppData\Local\JetBrains\IdeaIC2024.1\temp-testng-customsuite.xml

2024-07-26 10:42:00 INFO  i.g.bonigarcia.wdm.WebDriverManager - Using chromedriver 126.0.6478.182 (resolved driver for Chrome 126)
2024-07-26 10:42:00 INFO  i.g.bonigarcia.wdm.WebDriverManager - Exporting webdriver.chrome.driver as C:\Users\nkaparov\.cache\selenium\chromedriver\win64\126.0.6478.182\chromedriver.exe
2024-07-26 10:42:04 ERROR UI.BaseTest - Не найдена надпись 'ККМ'
2024-07-26 10:42:04 INFO  U.r.RegistrationNpTest - Пользователь находится на первой шаге Регистрации НП
2024-07-26 10:42:05 INFO  U.r.RegistrationNpTest - Пользователь находится на втором шаге Регистрации НП
2024-07-26 10:53:39 INFO  org.testng.internal.Utils - [TestNG] Running:
  C:\Users\nkaparov\IdeaProjects\ESEP\startAllTests.xml

2024-07-26 10:53:39 INFO  i.g.bonigarcia.wdm.WebDriverManager - Using chromedriver 126.0.6478.182 (resolved driver for Chrome 126)
2024-07-26 10:53:39 INFO  i.g.bonigarcia.wdm.WebDriverManager - Exporting webdriver.chrome.driver as C:\Users\nkaparov\.cache\selenium\chromedriver\win64\126.0.6478.182\chromedriver.exe
2024-07-26 10:53:43 ERROR UI.BaseTest - Не найдена надпись 'ККМ'
2024-07-26 10:53:43 INFO  U.r.RegistrationNpTest - Пользователь находится на первой шаге Регистрации НП
2024-07-26 10:53:44 INFO  U.r.RegistrationNpTest - Пользователь находится на втором шаге Регистрации НП
2024-07-26 10:53:44 ERROR U.r.RegistrationNpTest - Заполнение полей и даты во втором шаге выдала ошибку:java.lang.NullPointerException: Cannot read field "registrationNpPages2" because "this.allPages" is null
2024-07-26 11:09:17 INFO  org.testng.internal.Utils - [TestNG] Running:
  C:\Users\nkaparov\AppData\Local\JetBrains\IdeaIC2024.1\temp-testng-customsuite.xml

2024-07-26 11:09:18 INFO  i.g.bonigarcia.wdm.WebDriverManager - Using chromedriver 126.0.6478.182 (resolved driver for Chrome 126)
2024-07-26 11:09:18 INFO  i.g.bonigarcia.wdm.WebDriverManager - Exporting webdriver.chrome.driver as C:\Users\nkaparov\.cache\selenium\chromedriver\win64\126.0.6478.182\chromedriver.exe
2024-07-26 11:09:21 INFO  UI.BaseTest - Пользователь на главной странице Админ Панель
2024-07-26 11:10:47 INFO  org.testng.internal.Utils - [TestNG] Running:
  C:\Users\nkaparov\AppData\Local\JetBrains\IdeaIC2024.1\temp-testng-customsuite.xml

2024-07-26 11:10:47 INFO  i.g.bonigarcia.wdm.WebDriverManager - Using chromedriver 126.0.6478.182 (resolved driver for Chrome 126)
2024-07-26 11:10:47 INFO  i.g.bonigarcia.wdm.WebDriverManager - Exporting webdriver.chrome.driver as C:\Users\nkaparov\.cache\selenium\chromedriver\win64\126.0.6478.182\chromedriver.exe
2024-07-26 11:10:51 INFO  UI.BaseTest - Пользователь на главной странице Админ Панель
2024-07-26 11:10:51 INFO  U.r.RegistrationNpTest - Пользователь находится на первой шаге Регистрации НП
2024-07-26 11:11:45 INFO  org.testng.internal.Utils - [TestNG] Running:
  C:\Users\nkaparov\AppData\Local\JetBrains\IdeaIC2024.1\temp-testng-customsuite.xml

2024-07-26 11:11:45 INFO  i.g.bonigarcia.wdm.WebDriverManager - Using chromedriver 126.0.6478.182 (resolved driver for Chrome 126)
2024-07-26 11:11:45 INFO  i.g.bonigarcia.wdm.WebDriverManager - Exporting webdriver.chrome.driver as C:\Users\nkaparov\.cache\selenium\chromedriver\win64\126.0.6478.182\chromedriver.exe
2024-07-26 11:11:48 INFO  UI.BaseTest - Пользователь на главной странице Админ Панель
2024-07-26 11:11:49 INFO  U.r.RegistrationNpTest - Пользователь находится на первой шаге Регистрации НП
2024-07-26 11:14:35 INFO  org.testng.internal.Utils - [TestNG] Running:
  C:\Users\nkaparov\AppData\Local\JetBrains\IdeaIC2024.1\temp-testng-customsuite.xml

2024-07-26 11:14:36 INFO  i.g.bonigarcia.wdm.WebDriverManager - Using chromedriver 126.0.6478.182 (resolved driver for Chrome 126)
2024-07-26 11:14:36 INFO  i.g.bonigarcia.wdm.WebDriverManager - Exporting webdriver.chrome.driver as C:\Users\nkaparov\.cache\selenium\chromedriver\win64\126.0.6478.182\chromedriver.exe
2024-07-26 11:14:39 INFO  UI.BaseTest - Пользователь на главной странице Админ Панель
2024-07-26 11:14:39 INFO  U.r.RegistrationNp2Test - Пользователь находится на первой шаге Регистрации НП
2024-07-26 11:15:41 ERROR U.r.RegistrationNp2Test - Заполнение полей и даты во втором шаге выдала ошибку:org.openqa.selenium.TimeoutException: Expected condition failed: waiting for visibility of Proxy element for: DefaultElementLocator 'By.id: taxSystemCode' (tried for 15 second(s) with 500 milliseconds interval)
2024-07-26 11:21:02 INFO  org.testng.internal.Utils - [TestNG] Running:
  C:\Users\nkaparov\IdeaProjects\ESEP\startAllTests.xml

2024-07-26 11:21:03 INFO  i.g.bonigarcia.wdm.WebDriverManager - Using chromedriver 126.0.6478.182 (resolved driver for Chrome 126)
2024-07-26 11:21:03 INFO  i.g.bonigarcia.wdm.WebDriverManager - Exporting webdriver.chrome.driver as C:\Users\nkaparov\.cache\selenium\chromedriver\win64\126.0.6478.182\chromedriver.exe
2024-07-26 11:21:06 INFO  UI.BaseTest - Пользователь на главной странице Админ Панель
2024-07-26 11:21:06 INFO  U.r.RegistrationNp2Test - Пользователь находится на первой шаге Регистрации НП
2024-07-26 11:21:07 INFO  U.r.RegistrationNp2Test - Пользователь находится на втором шаге Регистрации НП
2024-07-26 11:21:23 ERROR U.r.RegistrationNp2Test - Заполнение полей и даты во втором шаге выдала ошибку:org.openqa.selenium.TimeoutException: Expected condition failed: waiting for visibility of [[ChromeDriver: chrome on windows (1f1142f78e9b62200ad500d6bb4768ab)] -> id: taxSystemCode] (tried for 15 second(s) with 500 milliseconds interval)
Build info: version: '4.22.0', revision: 'c5f3146703*'
System info: os.name: 'Windows 11', os.arch: 'amd64', os.version: '10.0', java.version: '22.0.1'
Driver info: org.openqa.selenium.chrome.ChromeDriver
Capabilities {acceptInsecureCerts: false, browserName: chrome, browserVersion: 126.0.6478.183, chrome: {chromedriverVersion: 126.0.6478.182 (5b5d8292ddf..., userDataDir: C:\Users\nkaparov\AppData\L...}, fedcm:accounts: true, goog:chromeOptions: {debuggerAddress: localhost:60824}, networkConnectionEnabled: false, pageLoadStrategy: normal, platformName: windows, proxy: Proxy(), se:cdp: ws://localhost:60824/devtoo..., se:cdpVersion: 126.0.6478.183, setWindowRect: true, strictFileInteractability: false, timeouts: {implicit: 0, pageLoad: 300000, script: 30000}, unhandledPromptBehavior: dismiss and notify, webauthn:extension:credBlob: true, webauthn:extension:largeBlob: true, webauthn:extension:minPinLength: true, webauthn:extension:prf: true, webauthn:virtualAuthenticators: true}
Session ID: 1f1142f78e9b62200ad500d6bb4768ab
2024-07-26 11:21:28 ERROR U.r.RegistrationNp2Test - Не удалось найти файл в папке!
2024-07-26 11:23:48 INFO  org.testng.internal.Utils - [TestNG] Running:
  C:\Users\nkaparov\AppData\Local\JetBrains\IdeaIC2024.1\temp-testng-customsuite.xml

2024-07-26 11:23:49 INFO  i.g.bonigarcia.wdm.WebDriverManager - Using chromedriver 126.0.6478.182 (resolved driver for Chrome 126)
2024-07-26 11:23:49 INFO  i.g.bonigarcia.wdm.WebDriverManager - Exporting webdriver.chrome.driver as C:\Users\nkaparov\.cache\selenium\chromedriver\win64\126.0.6478.182\chromedriver.exe
2024-07-26 11:23:52 INFO  UI.BaseTest - Пользователь на главной странице Админ Панель
2024-07-26 11:23:52 INFO  U.r.RegistrationNp2Test - Пользователь находится на первой шаге Регистрации НП
2024-07-26 11:24:04 INFO  org.testng.internal.Utils - [TestNG] Running:
  C:\Users\nkaparov\AppData\Local\JetBrains\IdeaIC2024.1\temp-testng-customsuite.xml

2024-07-26 11:24:04 INFO  i.g.bonigarcia.wdm.WebDriverManager - Using chromedriver 126.0.6478.182 (resolved driver for Chrome 126)
2024-07-26 11:24:04 INFO  i.g.bonigarcia.wdm.WebDriverManager - Exporting webdriver.chrome.driver as C:\Users\nkaparov\.cache\selenium\chromedriver\win64\126.0.6478.182\chromedriver.exe
2024-07-26 11:24:07 INFO  UI.BaseTest - Пользователь на главной странице Админ Панель
2024-07-26 11:24:07 INFO  U.r.RegistrationNp2Test - Пользователь находится на первой шаге Регистрации НП
2024-07-26 11:24:28 INFO  org.testng.internal.Utils - [TestNG] Running:
  C:\Users\nkaparov\IdeaProjects\ESEP\startAllTests.xml

2024-07-26 11:24:28 INFO  i.g.bonigarcia.wdm.WebDriverManager - Using chromedriver 126.0.6478.182 (resolved driver for Chrome 126)
2024-07-26 11:24:28 INFO  i.g.bonigarcia.wdm.WebDriverManager - Exporting webdriver.chrome.driver as C:\Users\nkaparov\.cache\selenium\chromedriver\win64\126.0.6478.182\chromedriver.exe
2024-07-26 11:24:31 INFO  UI.BaseTest - Пользователь на главной странице Админ Панель
2024-07-26 11:24:32 INFO  U.r.RegistrationNp2Test - Пользователь находится на первой шаге Регистрации НП
2024-07-26 11:24:33 INFO  U.r.RegistrationNp2Test - Пользователь находится на втором шаге Регистрации НП
2024-07-26 11:24:48 ERROR U.r.RegistrationNp2Test - Заполнение полей и даты во втором шаге выдала ошибку:org.openqa.selenium.TimeoutException: Expected condition failed: waiting for visibility of [[ChromeDriver: chrome on windows (306875ed59cb735c19d324b9b9b221ba)] -> id: taxSystemCode] (tried for 15 second(s) with 500 milliseconds interval)
Build info: version: '4.22.0', revision: 'c5f3146703*'
System info: os.name: 'Windows 11', os.arch: 'amd64', os.version: '10.0', java.version: '22.0.1'
Driver info: org.openqa.selenium.chrome.ChromeDriver
Capabilities {acceptInsecureCerts: false, browserName: chrome, browserVersion: 126.0.6478.183, chrome: {chromedriverVersion: 126.0.6478.182 (5b5d8292ddf..., userDataDir: C:\Users\nkaparov\AppData\L...}, fedcm:accounts: true, goog:chromeOptions: {debuggerAddress: localhost:61021}, networkConnectionEnabled: false, pageLoadStrategy: normal, platformName: windows, proxy: Proxy(), se:cdp: ws://localhost:61021/devtoo..., se:cdpVersion: 126.0.6478.183, setWindowRect: true, strictFileInteractability: false, timeouts: {implicit: 0, pageLoad: 300000, script: 30000}, unhandledPromptBehavior: dismiss and notify, webauthn:extension:credBlob: true, webauthn:extension:largeBlob: true, webauthn:extension:minPinLength: true, webauthn:extension:prf: true, webauthn:virtualAuthenticators: true}
Session ID: 306875ed59cb735c19d324b9b9b221ba
2024-07-26 11:24:53 ERROR U.r.RegistrationNp2Test - Не удалось найти файл в папке!
2024-07-26 11:30:23 INFO  org.testng.internal.Utils - [TestNG] Running:
  C:\Users\nkaparov\AppData\Local\JetBrains\IdeaIC2024.1\temp-testng-customsuite.xml

2024-07-26 11:30:24 INFO  i.g.bonigarcia.wdm.WebDriverManager - Using chromedriver 126.0.6478.182 (resolved driver for Chrome 126)
2024-07-26 11:30:24 INFO  i.g.bonigarcia.wdm.WebDriverManager - Exporting webdriver.chrome.driver as C:\Users\nkaparov\.cache\selenium\chromedriver\win64\126.0.6478.182\chromedriver.exe
2024-07-26 11:30:27 INFO  UI.BaseTest - Пользователь на главной странице Админ Панель
2024-07-26 11:30:27 INFO  U.r.RegistrationNp2Test - Пользователь находится на первой шаге Регистрации НП
2024-07-26 11:30:51 INFO  org.testng.internal.Utils - [TestNG] Running:
  C:\Users\nkaparov\IdeaProjects\ESEP\startAllTests.xml

2024-07-26 11:30:52 INFO  i.g.bonigarcia.wdm.WebDriverManager - Using chromedriver 126.0.6478.182 (resolved driver for Chrome 126)
2024-07-26 11:30:52 INFO  i.g.bonigarcia.wdm.WebDriverManager - Exporting webdriver.chrome.driver as C:\Users\nkaparov\.cache\selenium\chromedriver\win64\126.0.6478.182\chromedriver.exe
2024-07-26 11:30:56 INFO  UI.BaseTest - Пользователь на главной странице Админ Панель
2024-07-26 11:30:57 INFO  U.r.RegistrationNp2Test - Пользователь находится на первой шаге Регистрации НП
2024-07-26 11:30:58 INFO  U.r.RegistrationNp2Test - Пользователь находится на втором шаге Регистрации НП
2024-07-26 11:31:14 ERROR U.r.RegistrationNp2Test - Заполнение полей и даты во втором шаге выдала ошибку:org.openqa.selenium.TimeoutException: Expected condition failed: waiting for visibility of [[ChromeDriver: chrome on windows (805ae0f2bd855a2f236b3cc0aea6a1a5)] -> id: taxSystemCode] (tried for 15 second(s) with 500 milliseconds interval)
Build info: version: '4.22.0', revision: 'c5f3146703*'
System info: os.name: 'Windows 11', os.arch: 'amd64', os.version: '10.0', java.version: '22.0.1'
Driver info: org.openqa.selenium.chrome.ChromeDriver
Capabilities {acceptInsecureCerts: false, browserName: chrome, browserVersion: 126.0.6478.183, chrome: {chromedriverVersion: 126.0.6478.182 (5b5d8292ddf..., userDataDir: C:\Users\nkaparov\AppData\L...}, fedcm:accounts: true, goog:chromeOptions: {debuggerAddress: localhost:61459}, networkConnectionEnabled: false, pageLoadStrategy: normal, platformName: windows, proxy: Proxy(), se:cdp: ws://localhost:61459/devtoo..., se:cdpVersion: 126.0.6478.183, setWindowRect: true, strictFileInteractability: false, timeouts: {implicit: 0, pageLoad: 300000, script: 30000}, unhandledPromptBehavior: dismiss and notify, webauthn:extension:credBlob: true, webauthn:extension:largeBlob: true, webauthn:extension:minPinLength: true, webauthn:extension:prf: true, webauthn:virtualAuthenticators: true}
Session ID: 805ae0f2bd855a2f236b3cc0aea6a1a5
2024-07-26 11:39:52 INFO  org.testng.internal.Utils - [TestNG] Running:
  C:\Users\nkaparov\IdeaProjects\ESEP\startAllTests.xml

2024-07-26 11:39:52 INFO  i.g.bonigarcia.wdm.WebDriverManager - Using chromedriver 126.0.6478.182 (resolved driver for Chrome 126)
2024-07-26 11:39:52 INFO  i.g.bonigarcia.wdm.WebDriverManager - Exporting webdriver.chrome.driver as C:\Users\nkaparov\.cache\selenium\chromedriver\win64\126.0.6478.182\chromedriver.exe
2024-07-26 11:39:55 INFO  UI.BaseTest - Пользователь на главной странице Админ Панель
2024-07-26 11:39:56 INFO  U.r.RegistrationNp2Test - Пользователь находится на первой шаге Регистрации НП
2024-07-26 11:39:57 INFO  U.r.RegistrationNp2Test - Пользователь находится на втором шаге Регистрации НП
2024-07-26 11:40:13 ERROR U.r.RegistrationNp2Test - Заполнение полей и даты во втором шаге выдала ошибку:org.openqa.selenium.TimeoutException: Expected condition failed: waiting for visibility of [[ChromeDriver: chrome on windows (8f726686740b46fa1021471a9e3569bb)] -> id: taxSystemCode] (tried for 15 second(s) with 500 milliseconds interval)
Build info: version: '4.22.0', revision: 'c5f3146703*'
System info: os.name: 'Windows 11', os.arch: 'amd64', os.version: '10.0', java.version: '22.0.1'
Driver info: org.openqa.selenium.chrome.ChromeDriver
Capabilities {acceptInsecureCerts: false, browserName: chrome, browserVersion: 126.0.6478.183, chrome: {chromedriverVersion: 126.0.6478.182 (5b5d8292ddf..., userDataDir: C:\Users\nkaparov\AppData\L...}, fedcm:accounts: true, goog:chromeOptions: {debuggerAddress: localhost:62039}, networkConnectionEnabled: false, pageLoadStrategy: normal, platformName: windows, proxy: Proxy(), se:cdp: ws://localhost:62039/devtoo..., se:cdpVersion: 126.0.6478.183, setWindowRect: true, strictFileInteractability: false, timeouts: {implicit: 0, pageLoad: 300000, script: 30000}, unhandledPromptBehavior: dismiss and notify, webauthn:extension:credBlob: true, webauthn:extension:largeBlob: true, webauthn:extension:minPinLength: true, webauthn:extension:prf: true, webauthn:virtualAuthenticators: true}
Session ID: 8f726686740b46fa1021471a9e3569bb
2024-07-26 11:40:17 ERROR U.r.RegistrationNp2Test - Не удалось найти файл в папке!
2024-07-26 11:53:54 INFO  org.testng.internal.Utils - [TestNG] Running:
  C:\Users\nkaparov\IdeaProjects\ESEP\startAllTests.xml

2024-07-26 11:53:55 INFO  i.g.bonigarcia.wdm.WebDriverManager - Using chromedriver 126.0.6478.182 (resolved driver for Chrome 126)
2024-07-26 11:53:55 INFO  i.g.bonigarcia.wdm.WebDriverManager - Exporting webdriver.chrome.driver as C:\Users\nkaparov\.cache\selenium\chromedriver\win64\126.0.6478.182\chromedriver.exe
2024-07-26 11:53:58 INFO  UI.BaseTest - Пользователь на главной странице Админ Панель
2024-07-26 11:53:59 INFO  U.r.RegistrationNp2Test - Пользователь находится на первой шаге Регистрации НП
2024-07-26 11:54:00 INFO  U.r.RegistrationNp2Test - Пользователь находится на втором шаге Регистрации НП
2024-07-26 11:54:16 ERROR U.r.RegistrationNp2Test - Заполнение полей и даты во втором шаге выдала ошибку:org.openqa.selenium.TimeoutException: Expected condition failed: waiting for visibility of [[ChromeDriver: chrome on windows (4e502439f2b2f4caaec9a3eb67639b9d)] -> id: taxSystemCode] (tried for 15 second(s) with 500 milliseconds interval)
Build info: version: '4.22.0', revision: 'c5f3146703*'
System info: os.name: 'Windows 11', os.arch: 'amd64', os.version: '10.0', java.version: '22.0.1'
Driver info: org.openqa.selenium.chrome.ChromeDriver
Capabilities {acceptInsecureCerts: false, browserName: chrome, browserVersion: 126.0.6478.183, chrome: {chromedriverVersion: 126.0.6478.182 (5b5d8292ddf..., userDataDir: C:\Users\nkaparov\AppData\L...}, fedcm:accounts: true, goog:chromeOptions: {debuggerAddress: localhost:63020}, networkConnectionEnabled: false, pageLoadStrategy: normal, platformName: windows, proxy: Proxy(), se:cdp: ws://localhost:63020/devtoo..., se:cdpVersion: 126.0.6478.183, setWindowRect: true, strictFileInteractability: false, timeouts: {implicit: 0, pageLoad: 300000, script: 30000}, unhandledPromptBehavior: dismiss and notify, webauthn:extension:credBlob: true, webauthn:extension:largeBlob: true, webauthn:extension:minPinLength: true, webauthn:extension:prf: true, webauthn:virtualAuthenticators: true}
Session ID: 4e502439f2b2f4caaec9a3eb67639b9d
2024-07-26 11:54:20 ERROR U.r.RegistrationNp2Test - Не удалось найти файл в папке!
2024-07-26 11:59:13 INFO  org.testng.internal.Utils - [TestNG] Running:
  C:\Users\nkaparov\IdeaProjects\ESEP\startAllTests.xml

2024-07-26 11:59:14 INFO  i.g.bonigarcia.wdm.WebDriverManager - Using chromedriver 126.0.6478.182 (resolved driver for Chrome 126)
2024-07-26 11:59:14 INFO  i.g.bonigarcia.wdm.WebDriverManager - Exporting webdriver.chrome.driver as C:\Users\nkaparov\.cache\selenium\chromedriver\win64\126.0.6478.182\chromedriver.exe
2024-07-26 11:59:17 INFO  UI.BaseTest - Пользователь на главной странице Админ Панель
2024-07-26 11:59:17 INFO  U.r.RegistrationNp2Test - Пользователь находится на первой шаге Регистрации НП
2024-07-26 11:59:18 INFO  U.r.RegistrationNp2Test - Пользователь находится на втором шаге Регистрации НП
2024-07-26 11:59:34 ERROR U.r.RegistrationNp2Test - Заполнение полей и даты во втором шаге выдала ошибку:org.openqa.selenium.TimeoutException: Expected condition failed: waiting for visibility of [[ChromeDriver: chrome on windows (45a43086957bb779892b501fa4415fe9)] -> id: taxSystemCode] (tried for 15 second(s) with 500 milliseconds interval)
Build info: version: '4.22.0', revision: 'c5f3146703*'
System info: os.name: 'Windows 11', os.arch: 'amd64', os.version: '10.0', java.version: '22.0.1'
Driver info: org.openqa.selenium.chrome.ChromeDriver
Capabilities {acceptInsecureCerts: false, browserName: chrome, browserVersion: 126.0.6478.183, chrome: {chromedriverVersion: 126.0.6478.182 (5b5d8292ddf..., userDataDir: C:\Users\nkaparov\AppData\L...}, fedcm:accounts: true, goog:chromeOptions: {debuggerAddress: localhost:63635}, networkConnectionEnabled: false, pageLoadStrategy: normal, platformName: windows, proxy: Proxy(), se:cdp: ws://localhost:63635/devtoo..., se:cdpVersion: 126.0.6478.183, setWindowRect: true, strictFileInteractability: false, timeouts: {implicit: 0, pageLoad: 300000, script: 30000}, unhandledPromptBehavior: dismiss and notify, webauthn:extension:credBlob: true, webauthn:extension:largeBlob: true, webauthn:extension:minPinLength: true, webauthn:extension:prf: true, webauthn:virtualAuthenticators: true}
Session ID: 45a43086957bb779892b501fa4415fe9
2024-07-26 11:59:38 ERROR U.r.RegistrationNp2Test - Не удалось найти файл в папке!
2024-07-26 13:40:34 INFO  org.testng.internal.Utils - [TestNG] Running:
  C:\Users\nkaparov\IdeaProjects\ESEP\startAllTests.xml

2024-07-26 13:40:35 INFO  i.g.bonigarcia.wdm.WebDriverManager - Using chromedriver 126.0.6478.182 (resolved driver for Chrome 126)
2024-07-26 13:40:35 INFO  i.g.bonigarcia.wdm.WebDriverManager - Exporting webdriver.chrome.driver as C:\Users\nkaparov\.cache\selenium\chromedriver\win64\126.0.6478.182\chromedriver.exe
2024-07-26 13:40:38 INFO  UI.BaseTest - Пользователь на главной странице Админ Панель
2024-07-26 13:40:39 INFO  U.r.RegistrationNp2Test - Пользователь находится на первой шаге Регистрации НП
2024-07-26 13:40:40 INFO  U.r.RegistrationNp2Test - Пользователь находится на втором шаге Регистрации НП
2024-07-26 13:40:56 ERROR U.r.RegistrationNp2Test - Заполнение полей и даты во втором шаге выдала ошибку:org.openqa.selenium.TimeoutException: Expected condition failed: waiting for visibility of [[ChromeDriver: chrome on windows (436e3ae8f8c2ff3dfe0531edbb4d0985)] -> xpath: //input[@class="ant-select-selection-search-input"]] (tried for 15 second(s) with 500 milliseconds interval)
Build info: version: '4.22.0', revision: 'c5f3146703*'
System info: os.name: 'Windows 11', os.arch: 'amd64', os.version: '10.0', java.version: '22.0.1'
Driver info: org.openqa.selenium.chrome.ChromeDriver
Capabilities {acceptInsecureCerts: false, browserName: chrome, browserVersion: 126.0.6478.183, chrome: {chromedriverVersion: 126.0.6478.182 (5b5d8292ddf..., userDataDir: C:\Users\nkaparov\AppData\L...}, fedcm:accounts: true, goog:chromeOptions: {debuggerAddress: localhost:57902}, networkConnectionEnabled: false, pageLoadStrategy: normal, platformName: windows, proxy: Proxy(), se:cdp: ws://localhost:57902/devtoo..., se:cdpVersion: 126.0.6478.183, setWindowRect: true, strictFileInteractability: false, timeouts: {implicit: 0, pageLoad: 300000, script: 30000}, unhandledPromptBehavior: dismiss and notify, webauthn:extension:credBlob: true, webauthn:extension:largeBlob: true, webauthn:extension:minPinLength: true, webauthn:extension:prf: true, webauthn:virtualAuthenticators: true}
Session ID: 436e3ae8f8c2ff3dfe0531edbb4d0985
2024-07-26 13:41:00 ERROR U.r.RegistrationNp2Test - Не удалось найти файл в папке!
2024-07-26 14:56:55 INFO  org.testng.internal.Utils - [TestNG] Running:
  C:\Users\nkaparov\IdeaProjects\ESEP\startAllTests.xml

2024-07-26 14:56:57 INFO  i.g.bonigarcia.wdm.WebDriverManager - Using chromedriver 126.0.6478.182 (resolved driver for Chrome 126)
2024-07-26 14:56:57 INFO  i.g.bonigarcia.wdm.WebDriverManager - Exporting webdriver.chrome.driver as C:\Users\nkaparov\.cache\selenium\chromedriver\win64\126.0.6478.182\chromedriver.exe
2024-07-26 14:57:00 INFO  UI.BaseTest - Пользователь на главной странице Админ Панель
2024-07-26 14:57:01 INFO  U.r.RegistrationNp2Test - Пользователь находится на первой шаге Регистрации НП
2024-07-26 14:57:02 INFO  U.r.RegistrationNp2Test - Пользователь находится на втором шаге Регистрации НП
2024-07-26 14:58:25 INFO  org.testng.internal.Utils - [TestNG] Running:
  C:\Users\nkaparov\IdeaProjects\ESEP\startAllTests.xml

2024-07-26 14:58:25 INFO  i.g.bonigarcia.wdm.WebDriverManager - Using chromedriver 126.0.6478.182 (resolved driver for Chrome 126)
2024-07-26 14:58:25 INFO  i.g.bonigarcia.wdm.WebDriverManager - Exporting webdriver.chrome.driver as C:\Users\nkaparov\.cache\selenium\chromedriver\win64\126.0.6478.182\chromedriver.exe
2024-07-26 14:58:28 INFO  UI.BaseTest - Пользователь на главной странице Админ Панель
2024-07-26 14:58:28 INFO  U.r.RegistrationNp2Test - Пользователь находится на первой шаге Регистрации НП
2024-07-26 14:58:30 INFO  U.r.RegistrationNp2Test - Пользователь находится на втором шаге Регистрации НП
2024-07-26 14:58:46 ERROR U.r.RegistrationNp2Test - Заполнение полей и даты во втором шаге выдала ошибку:org.openqa.selenium.TimeoutException: Expected condition failed: waiting for visibility of [[ChromeDriver: chrome on windows (07c021e0269d1808d380886720ac40fb)] -> xpath: //input[@class="ant-select-selection-search-input"]] (tried for 15 second(s) with 500 milliseconds interval)
Build info: version: '4.22.0', revision: 'c5f3146703*'
System info: os.name: 'Windows 11', os.arch: 'amd64', os.version: '10.0', java.version: '22.0.1'
Driver info: org.openqa.selenium.chrome.ChromeDriver
Capabilities {acceptInsecureCerts: false, browserName: chrome, browserVersion: 126.0.6478.183, chrome: {chromedriverVersion: 126.0.6478.182 (5b5d8292ddf..., userDataDir: C:\Users\nkaparov\AppData\L...}, fedcm:accounts: true, goog:chromeOptions: {debuggerAddress: localhost:50896}, networkConnectionEnabled: false, pageLoadStrategy: normal, platformName: windows, proxy: Proxy(), se:cdp: ws://localhost:50896/devtoo..., se:cdpVersion: 126.0.6478.183, setWindowRect: true, strictFileInteractability: false, timeouts: {implicit: 0, pageLoad: 300000, script: 30000}, unhandledPromptBehavior: dismiss and notify, webauthn:extension:credBlob: true, webauthn:extension:largeBlob: true, webauthn:extension:minPinLength: true, webauthn:extension:prf: true, webauthn:virtualAuthenticators: true}
Session ID: 07c021e0269d1808d380886720ac40fb
2024-07-26 15:20:47 INFO  org.testng.internal.Utils - [TestNG] Running:
  C:\Users\nkaparov\IdeaProjects\ESEP\startAllTests.xml

2024-07-26 15:20:48 INFO  i.g.bonigarcia.wdm.WebDriverManager - Using chromedriver 126.0.6478.182 (resolved driver for Chrome 126)
2024-07-26 15:20:48 INFO  i.g.bonigarcia.wdm.WebDriverManager - Exporting webdriver.chrome.driver as C:\Users\nkaparov\.cache\selenium\chromedriver\win64\126.0.6478.182\chromedriver.exe
2024-07-26 15:20:51 INFO  UI.BaseTest - Пользователь на главной странице Админ Панель
2024-07-26 15:20:51 INFO  U.r.RegistrationNp2Test - Пользователь находится на первой шаге Регистрации НП
2024-07-26 15:20:52 INFO  U.r.RegistrationNp2Test - Пользователь находится на втором шаге Регистрации НП
2024-07-26 15:20:54 ERROR U.r.RegistrationNp2Test - Заполнение полей и даты во втором шаге выдала ошибку:org.openqa.selenium.ElementClickInterceptedException: element click intercepted: Element <div role="option" id="taxSystemCode_list_4" aria-selected="false" class="ant-select-item ant-select-item-option" title="Общий налоговый режим" style="background: yellow; border: 2px solid red;">...</div> is not clickable at point (1271, 527). Other element would receive the click: <div class="button-download-contract-container">...</div>
  (Session info: chrome=126.0.6478.183)
Build info: version: '4.22.0', revision: 'c5f3146703*'
System info: os.name: 'Windows 11', os.arch: 'amd64', os.version: '10.0', java.version: '22.0.1'
Driver info: org.openqa.selenium.chrome.ChromeDriver
Command: [70323b948a328eabbd57395f96e41be8, clickElement {id=f.43AAF36E61489FB69C257A8A135C7CED.d.B282D59B36049EF8B1035C240CFFD0B7.e.76}]
Capabilities {acceptInsecureCerts: false, browserName: chrome, browserVersion: 126.0.6478.183, chrome: {chromedriverVersion: 126.0.6478.182 (5b5d8292ddf..., userDataDir: C:\Users\nkaparov\AppData\L...}, fedcm:accounts: true, goog:chromeOptions: {debuggerAddress: localhost:52843}, networkConnectionEnabled: false, pageLoadStrategy: normal, platformName: windows, proxy: Proxy(), se:cdp: ws://localhost:52843/devtoo..., se:cdpVersion: 126.0.6478.183, setWindowRect: true, strictFileInteractability: false, timeouts: {implicit: 0, pageLoad: 300000, script: 30000}, unhandledPromptBehavior: dismiss and notify, webauthn:extension:credBlob: true, webauthn:extension:largeBlob: true, webauthn:extension:minPinLength: true, webauthn:extension:prf: true, webauthn:virtualAuthenticators: true}
Element: [[ChromeDriver: chrome on windows (70323b948a328eabbd57395f96e41be8)] -> id: taxSystemCode_list_4]
Session ID: 70323b948a328eabbd57395f96e41be8
2024-07-26 15:20:58 ERROR U.r.RegistrationNp2Test - Не удалось найти файл в папке!
2024-07-26 15:34:24 INFO  org.testng.internal.Utils - [TestNG] Running:
  C:\Users\nkaparov\IdeaProjects\ESEP\startAllTests.xml

2024-07-26 15:34:24 INFO  i.g.bonigarcia.wdm.WebDriverManager - Using chromedriver 126.0.6478.182 (resolved driver for Chrome 126)
2024-07-26 15:34:24 INFO  i.g.bonigarcia.wdm.WebDriverManager - Exporting webdriver.chrome.driver as C:\Users\nkaparov\.cache\selenium\chromedriver\win64\126.0.6478.182\chromedriver.exe
2024-07-26 15:34:27 INFO  UI.BaseTest - Пользователь на главной странице Админ Панель
2024-07-26 15:34:28 INFO  U.r.RegistrationNp2Test - Пользователь находится на первой шаге Регистрации НП
2024-07-26 15:34:29 INFO  U.r.RegistrationNp2Test - Пользователь находится на втором шаге Регистрации НП
2024-07-26 15:34:30 ERROR U.r.RegistrationNp2Test - Заполнение полей и даты во втором шаге выдала ошибку:org.openqa.selenium.InvalidSelectorException: invalid selector
from javascript error: {"status":32,"value":"Unable to locate an element with the xpath expression class=\"ant-picker css-iuyn2o sc-dhKdPU kGpzjH ant-picker-focused\" because of the following error:\nTypeError: Failed to execute 'evaluate' on 'Document': The result is not a node set, and therefore cannot be converted to the desired type."}
  (Session info: chrome=126.0.6478.183)
For documentation on this error, please visit: https://www.selenium.dev/documentation/webdriver/troubleshooting/errors#invalid-selector-exception
Build info: version: '4.22.0', revision: 'c5f3146703*'
System info: os.name: 'Windows 11', os.arch: 'amd64', os.version: '10.0', java.version: '22.0.1'
Driver info: org.openqa.selenium.chrome.ChromeDriver
Command: [be75f4e2932b58d39065025ee30910d9, findElement {value=class="ant-picker css-iuyn2o sc-dhKdPU kGpzjH ant-picker-focused", using=xpath}]
Capabilities {acceptInsecureCerts: false, browserName: chrome, browserVersion: 126.0.6478.183, chrome: {chromedriverVersion: 126.0.6478.182 (5b5d8292ddf..., userDataDir: C:\Users\nkaparov\AppData\L...}, fedcm:accounts: true, goog:chromeOptions: {debuggerAddress: localhost:54178}, networkConnectionEnabled: false, pageLoadStrategy: normal, platformName: windows, proxy: Proxy(), se:cdp: ws://localhost:54178/devtoo..., se:cdpVersion: 126.0.6478.183, setWindowRect: true, strictFileInteractability: false, timeouts: {implicit: 0, pageLoad: 300000, script: 30000}, unhandledPromptBehavior: dismiss and notify, webauthn:extension:credBlob: true, webauthn:extension:largeBlob: true, webauthn:extension:minPinLength: true, webauthn:extension:prf: true, webauthn:virtualAuthenticators: true}
Session ID: be75f4e2932b58d39065025ee30910d9
2024-07-26 15:34:34 ERROR U.r.RegistrationNp2Test - Не удалось найти файл в папке!
2024-07-26 15:37:05 INFO  org.testng.internal.Utils - [TestNG] Running:
  C:\Users\nkaparov\IdeaProjects\ESEP\startAllTests.xml

2024-07-26 15:37:06 INFO  i.g.bonigarcia.wdm.WebDriverManager - Using chromedriver 126.0.6478.182 (resolved driver for Chrome 126)
2024-07-26 15:37:06 INFO  i.g.bonigarcia.wdm.WebDriverManager - Exporting webdriver.chrome.driver as C:\Users\nkaparov\.cache\selenium\chromedriver\win64\126.0.6478.182\chromedriver.exe
2024-07-26 15:37:09 INFO  UI.BaseTest - Пользователь на главной странице Админ Панель
2024-07-26 15:37:09 INFO  U.r.RegistrationNp2Test - Пользователь находится на первой шаге Регистрации НП
2024-07-26 15:37:10 INFO  U.r.RegistrationNp2Test - Пользователь находится на втором шаге Регистрации НП
2024-07-26 15:39:07 INFO  org.testng.internal.Utils - [TestNG] Running:
  C:\Users\nkaparov\IdeaProjects\ESEP\startAllTests.xml

2024-07-26 15:39:07 INFO  i.g.bonigarcia.wdm.WebDriverManager - Using chromedriver 126.0.6478.182 (resolved driver for Chrome 126)
2024-07-26 15:39:07 INFO  i.g.bonigarcia.wdm.WebDriverManager - Exporting webdriver.chrome.driver as C:\Users\nkaparov\.cache\selenium\chromedriver\win64\126.0.6478.182\chromedriver.exe
2024-07-26 15:39:10 INFO  UI.BaseTest - Пользователь на главной странице Админ Панель
2024-07-26 15:39:11 INFO  U.r.RegistrationNp2Test - Пользователь находится на первой шаге Регистрации НП
2024-07-26 15:39:12 INFO  U.r.RegistrationNp2Test - Пользователь находится на втором шаге Регистрации НП
2024-07-26 15:39:18 ERROR U.r.RegistrationNp2Test - Не удалось найти файл в папке!
2024-07-26 16:38:06 INFO  org.testng.internal.Utils - [TestNG] Running:
  C:\Users\nkaparov\IdeaProjects\ESEP\startAllTests.xml

2024-07-26 16:38:07 INFO  i.g.bonigarcia.wdm.WebDriverManager - Using chromedriver 126.0.6478.182 (resolved driver for Chrome 126)
2024-07-26 16:38:07 INFO  i.g.bonigarcia.wdm.WebDriverManager - Exporting webdriver.chrome.driver as C:\Users\nkaparov\.cache\selenium\chromedriver\win64\126.0.6478.182\chromedriver.exe
2024-07-26 16:38:10 INFO  UI.BaseTest - Пользователь на главной странице Админ Панель
2024-07-26 16:38:10 INFO  U.r.RegistrationNp2Test - Пользователь находится на первой шаге Регистрации НП
2024-07-26 16:38:11 INFO  U.r.RegistrationNp2Test - Пользователь находится на втором шаге Регистрации НП
2024-07-26 16:38:13 INFO  U.r.RegistrationNp2Test - Дата первого числа введена удачно
2024-07-26 16:38:44 ERROR U.r.RegistrationNp2Test - Заполнение полей и даты во втором шаге выдала ошибку:org.openqa.selenium.TimeoutException: Expected condition failed: waiting for visibility of Proxy element for: DefaultElementLocator 'By.xpath: //div[@class='ant-picker css-iuyn2o sc-dhKdPU kGpzjH']' (tried for 15 second(s) with 500 milliseconds interval)
2024-07-26 16:38:48 ERROR U.r.RegistrationNp2Test - Не удалось найти файл в папке!
2024-07-26 17:30:03 INFO  org.testng.internal.Utils - [TestNG] Running:
  C:\Users\nkaparov\IdeaProjects\ESEP\startAllTests.xml

2024-07-26 17:30:03 INFO  i.g.bonigarcia.wdm.WebDriverManager - Using chromedriver 126.0.6478.182 (resolved driver for Chrome 126)
2024-07-26 17:30:03 INFO  i.g.bonigarcia.wdm.WebDriverManager - Exporting webdriver.chrome.driver as C:\Users\nkaparov\.cache\selenium\chromedriver\win64\126.0.6478.182\chromedriver.exe
2024-07-26 17:30:06 INFO  UI.BaseTest - Пользователь на главной странице Админ Панель
2024-07-26 17:30:06 INFO  U.r.RegistrationNp2Test - Пользователь находится на первой шаге Регистрации НП
2024-07-26 17:30:07 INFO  U.r.RegistrationNp2Test - Пользователь находится на втором шаге Регистрации НП
2024-07-26 17:30:10 INFO  U.r.RegistrationNp2Test - Дата первого числа введена удачно
2024-07-26 17:30:40 ERROR U.r.RegistrationNp2Test - Заполнение полей и даты во втором шаге выдала ошибку:org.openqa.selenium.TimeoutException: Expected condition failed: waiting for visibility of Proxy element for: DefaultElementLocator 'By.xpath: //div[@class='ant-picker css-iuyn2o sc-dhKdPU kGpzjH']' (tried for 15 second(s) with 500 milliseconds interval)
2024-07-26 17:30:44 ERROR U.r.RegistrationNp2Test - Не удалось найти файл в папке!
2024-07-26 17:36:15 INFO  org.testng.internal.Utils - [TestNG] Running:
  C:\Users\nkaparov\IdeaProjects\ESEP\startAllTests.xml

2024-07-26 17:36:16 INFO  i.g.bonigarcia.wdm.WebDriverManager - Using chromedriver 126.0.6478.182 (resolved driver for Chrome 126)
2024-07-26 17:36:16 INFO  i.g.bonigarcia.wdm.WebDriverManager - Exporting webdriver.chrome.driver as C:\Users\nkaparov\.cache\selenium\chromedriver\win64\126.0.6478.182\chromedriver.exe
2024-07-26 17:36:19 INFO  UI.BaseTest - Пользователь на главной странице Админ Панель
2024-07-26 17:36:19 INFO  U.r.RegistrationNp2Test - Пользователь находится на первой шаге Регистрации НП
2024-07-26 17:36:20 INFO  U.r.RegistrationNp2Test - Пользователь находится на втором шаге Регистрации НП
2024-07-26 17:36:22 INFO  U.r.RegistrationNp2Test - Дата первого числа введена удачно
2024-07-26 17:36:53 ERROR U.r.RegistrationNp2Test - Заполнение полей и даты во втором шаге выдала ошибку:org.openqa.selenium.TimeoutException: Expected condition failed: waiting for visibility of Proxy element for: DefaultElementLocator 'By.xpath: //div[@class='ant-picker css-iuyn2o sc-dhKdPU kGpzjH']' (tried for 15 second(s) with 500 milliseconds interval)
2024-07-26 17:36:57 ERROR U.r.RegistrationNp2Test - Не удалось найти файл в папке!
2024-07-26 17:36:58 INFO  U.r.RegistrationNp2Test - СОЗДАНИЕ НП ПРОШЛО УСПЕШНО!!!
2024-07-26 17:44:04 INFO  org.testng.internal.Utils - [TestNG] Running:
  C:\Users\nkaparov\IdeaProjects\ESEP\startAllTests.xml

2024-07-26 17:44:05 INFO  i.g.bonigarcia.wdm.WebDriverManager - Using chromedriver 126.0.6478.182 (resolved driver for Chrome 126)
2024-07-26 17:44:05 INFO  i.g.bonigarcia.wdm.WebDriverManager - Exporting webdriver.chrome.driver as C:\Users\nkaparov\.cache\selenium\chromedriver\win64\126.0.6478.182\chromedriver.exe
2024-07-26 17:44:08 INFO  UI.BaseTest - Пользователь на главной странице Админ Панель
2024-07-26 17:44:08 INFO  U.r.RegistrationNp2Test - Пользователь находится на первой шаге Регистрации НП
2024-07-26 17:44:09 INFO  U.r.RegistrationNp2Test - Пользователь находится на втором шаге Регистрации НП
2024-07-26 17:44:12 INFO  U.r.RegistrationNp2Test - Дата первого числа введена удачно
2024-07-26 17:44:12 INFO  U.r.RegistrationNp2Test - Указанно сегоднящняя дата
2024-07-26 17:44:17 ERROR U.r.RegistrationNp2Test - Не удалось найти файл в папке!
2024-07-26 17:44:17 INFO  U.r.RegistrationNp2Test - СОЗДАНИЕ НП ПРОШЛО УСПЕШНО!!!
